############### MODULE ERROR ###############
############### MODULE ERROR ###############
############### MODULE ERROR ###############
############### MODULE ERROR ###############

I have encountered some sort of error in module when trying to import: login_to_room
 ERROR:
Traceback (most recent call last):
  File "D:\GitHub\F-List-Bot-Framework\bot.py", line 403, in main
    imported_modules.append(SourceFileLoader(modulename, modulepath).load_module())
                            ^^^^^^^^^^^^^^^^^^^^^^^^^^^^^^^^^^^^^^^^^^^^^^^^^^^^^^
  File "<frozen importlib._bootstrap_external>", line 605, in _check_name_wrapper
  File "<frozen importlib._bootstrap_external>", line 1120, in load_module
  File "<frozen importlib._bootstrap_external>", line 945, in load_module
  File "<frozen importlib._bootstrap>", line 290, in _load_module_shim
  File "<frozen importlib._bootstrap>", line 721, in _load
  File "<frozen importlib._bootstrap>", line 690, in _load_unlocked
  File "<frozen importlib._bootstrap_external>", line 940, in exec_module
  File "<frozen importlib._bootstrap>", line 241, in _call_with_frames_removed
  File "D:\GitHub\F-List-Bot-Framework\Modules\login_to_room.py", line 8, in <module>
    raise NotImplementedError("You've not specified a room code for the bot to join. Remove this module if you do not want your bot to join a room.")
NotImplementedError: You've not specified a room code for the bot to join. Remove this module if you do not want your bot to join a room.



This module (login_to_room) will !!NOT BE IMPORTED!! for safety.

############### MODULE ERROR ###############
############### MODULE ERROR ###############
############### MODULE ERROR ###############
############### MODULE ERROR ###############
