[2023-12-19 03:26:10.629244] Moo: !help
[2023-12-19 04:11:47.240924] S e n k o: !fuck_gloryhole
[2023-12-19 04:11:57.039499] S e n k o: !fuck_gloryhole 8DDWM
[2023-12-19 04:13:19.602520] S e n k o: !fuck_gloryhole BBBYQ
[2023-12-19 04:21:15.109262] S e n k o: !fuck_gloryhole IQR2T
[2023-12-19 04:21:20.679592] S e n k o: !exit_gloryhole
[2023-12-19 04:21:51.807689] S e n k o: !fuck_gloryhole IQR2T
[2023-12-19 04:21:56.013667] S e n k o: !fuck_gloryhole IQR22
[2023-12-19 04:40:50.949332] S e n k o: !fuck_gloryhole LBH91
[2023-12-19 04:40:53.167704] S e n k o: testing
[2023-12-19 04:42:14.864654] S e n k o: !fuck_gloryhole 0fj7s
[2023-12-19 04:42:17.873849] S e n k o: testing
[2023-12-19 04:43:58.553373] S e n k o: !fuck_gloryhole 1ovyv
[2023-12-19 04:44:08.717077] S e n k o: testing
[2023-12-19 04:46:51.330789] S e n k o: !fuck_gloryhole yutw0
[2023-12-19 04:46:55.117887] S e n k o: asd
[2023-12-19 04:47:03.183319] S e n k o: /me testing
[2023-12-19 04:47:06.709977] S e n k o: /me I'm doing things
[2023-12-19 04:50:38.001705] S e n k o: !fuck_gloryhole OC8NA
[2023-12-19 04:50:40.285069] S e n k o: testing
[2023-12-19 04:50:41.529640] S e n k o: blah
[2023-12-19 04:53:24.239167] S e n k o: !fuck_gloryhole Q3DDV
[2023-12-19 04:53:28.440817] S e n k o: asd
