[2023-12-25 22:39:47.967883] Anna Faith Carlson: !get_booths
[2023-12-25 22:40:05.498368] Anna Faith Carlson: !join_booth 3
[2023-12-25 22:40:11.811025] Anna Faith Carlson: !enter_booth 3
[2023-12-25 22:41:26.566232] Anna Faith Carlson: !set_description A red ribbon bow adorns the wall above the hole with a graffiti note that reads "Merry Christmas! Redeem here for one (1) free blowjob."
[2023-12-25 23:01:24.440234] Anna Faith Carlson: !get_booths
[2023-12-27 19:03:13.697932] Anna Faith Carlson: !get_booths
[2023-12-27 19:04:20.643656] Anna Faith Carlson: !enter_booth 1
[2023-12-27 19:04:38.127497] Anna Faith Carlson: !set_description Will suck dick for cum.
[2023-12-28 04:47:39.490707] Anna Faith Carlson: !get_booths
[2023-12-28 04:47:58.531529] Anna Faith Carlson: !enter_booth 1
[2023-12-28 04:48:16.851804] Anna Faith Carlson: set_description Just let me suck your cock.
[2023-12-28 05:16:47.224049] Anna Faith Carlson: !set_description Just let me suck your cock.
[2023-12-28 05:41:53.243548] Anna Faith Carlson: !leaderboard
[2023-12-30 20:41:43.854759] Anna Faith Carlson: !get_booths
[2023-12-30 20:55:16.569852] Anna Faith Carlson: !enter_booth 1
[2023-12-30 20:55:18.283335] Anna Faith Carlson: !set_description In the back room of a sorority house party is a false wall with a hole cut into the plaster with duct tape around the edges to protect what's inserted inside. Written on the wall are the words "Help this pledge suck ten cocks tonight for pledge week" Along with a marker for the participants to mark that they've been 'completed.' The tally board is blank.
[2023-12-30 22:01:01.872771] Anna Faith Carlson: !get_booths
[2023-12-30 22:06:09.284634] Anna Faith Carlson: !leave_booth
[2023-12-30 22:12:27.536769] Anna Faith Carlson: !enter_booth 1
[2023-12-30 22:12:35.114649] Anna Faith Carlson: !set_description In the back room of a sorority house party is a false wall with a hole cut into the plaster with duct tape around the edges to protect what's inserted inside. Written on the wall are the words "Help this pledge suck ten cocks tonight for pledge week" Along with a marker for the participants to mark that they've been 'completed.' The tally board is blank.
[2023-12-31 00:55:21.003144] Anna Faith Carlson: !leave_booth
[2024-01-02 01:06:09.312260] Anna Faith Carlson: !get_booths
[2024-01-02 01:06:42.033858] Anna Faith Carlson: !enter_booth 1
[2024-01-02 01:07:49.282654] Anna Faith Carlson: !set_description An unassuming hole in a white wall, with white tape neatly placed around the rim stuffed with padding for a comfortable insertion. A dim light filters from the other side, as shadows dance in front of it. Someone is inside.
[2024-01-02 01:10:18.632255] Anna Faith Carlson: !set_description An unassuming hole in a white wall, with white tape neatly placed around the rim stuffed with padding for a comfortable insertion. A dim light filters from the other side, as shadows dance in front of it. Someone is inside. (Dicks only please, no matter the gender or species. No heavy scat.)
[2024-01-02 01:47:10.935695] Anna Faith Carlson: !set_description An unassuming hole in a white wall, with white tape neatly placed around the rim stuffed with padding for a comfortable insertion. A dim light filters from the other side, as shadows dance in front of it. Someone is inside. (Dicks only please, no matter the gender or species.)
[2024-01-02 02:04:54.512433] Anna Faith Carlson: !get_booths
[2024-01-02 02:55:09.701466] Anna Faith Carlson: !leave_booth
[2024-01-05 03:14:14.585094] Anna Faith Carlson: !get_booths
[2024-01-06 05:38:44.137709] Anna Faith Carlson: !get_booths
[2024-01-06 06:05:47.722972] Anna Faith Carlson: !enter_booth 1
[2024-01-06 06:06:30.051216] Anna Faith Carlson: !set_description A dirty truck stop bathroom stall with a crude hole in the wall, written around the hole are the words "Hump me, fuck me. Daddy better make me choke"
[2024-01-06 07:02:25.943402] Anna Faith Carlson: !leave_booth
[2024-01-06 23:52:21.450527] Anna Faith Carlson: !get_booths
[2024-01-07 04:42:49.437778] Anna Faith Carlson: !get_booths
[2024-01-07 04:48:36.631196] Anna Faith Carlson: !join_booth 2
[2024-01-07 04:48:38.361623] Anna Faith Carlson: !set_description In the back of an old, run down adult video store sits a booth with a hole in the wall. From the other side can be heard the sound of hardcore pornography filling the space along with hot moans and the wet [sup]schlct[/sup][sub]schlct[/sub][sup]schlct[/sup] of fingers gliding in and out of a hole as the woman inside waits for participants.
[2024-01-07 04:48:47.228095] Anna Faith Carlson: !enter_booth 2
[2024-01-07 04:48:48.852292] Anna Faith Carlson: !set_description In the back of an old, run down adult video store sits a booth with a hole in the wall. From the other side can be heard the sound of hardcore pornography filling the space along with hot moans and the wet [sup]schlct[/sup][sub]schlct[/sub][sup]schlct[/sup] of fingers gliding in and out of a hole as the woman inside waits for participants.
[2024-01-07 05:38:59.282490] Anna Faith Carlson: !leave_booth
[2024-01-07 21:17:05.466511] Anna Faith Carlson: !get_booths
[2024-01-07 21:18:08.721791] Anna Faith Carlson: !enter_booth 2
[2024-01-07 21:18:12.468581] Anna Faith Carlson: !set_description In the back of an old, run down adult video store sits a booth with a hole in the wall. From the other side can be heard the sound of hardcore pornography filling the space along with hot moans and the wet [sup]schlct[/sup][sub]schlct[/sub][sup]schlct[/sup] of fingers gliding in and out of a hole as the woman inside waits for participants.
[2024-01-08 03:58:26.603534] Anna Faith Carlson: !get_booths
[2024-01-09 07:01:28.319696] Anna Faith Carlson: !get_booths
[2024-01-15 03:43:17.039382] Anna Faith Carlson: !get_booths
