[2024-01-04 23:03:05.381466] Athenia Purebloom: !gloryhole
[2024-01-04 23:03:12.467672] Athenia Purebloom: !help
[2024-01-04 23:03:25.150261] Athenia Purebloom: !enter_booth
[2024-01-04 23:03:38.404352] Athenia Purebloom: !enter_booth 4
[2024-01-04 23:03:54.373965] Athenia Purebloom: !set_description
[2024-01-04 23:08:17.397789] Athenia Purebloom: !set_description A floral aroma wafts from the the edges of the gloryhole, filling the space in a sweet, alluring scent that leaves all who approach in a relaxed-yet-aroused state. The same corners could be seen with a myriad of tiny tendrils- of a plant-based origin, perhaps- slithering outwards and climbing along the nearby wall.
[2024-01-04 23:52:45.618510] Athenia Purebloom: /me [sub]Sorry for the delay- am back.[/sub]
[2024-01-05 00:12:14.147316] Athenia Purebloom: /me When Bruno stepped up to the fray, the mystery occupant picked up on the sound of footsteps rather quickly; At the same time, the *[b]CLINK[/b]* and rattling of metal caused the entity to let out a not-so-shockingly-girly squeak- almost as if they (or she, as she'd given away in that brief moment) was startled. It wasn't until they heard the drop of a belt and trousers hitting the floor that the unease faded away- evident by how the vines slithering out of the gloryhole receded inwards briefly, only to trail outwards in full force. [color=green]"I'd offer you my name, wayward traveler, but that'd give away the surprise in which such an opportunity presents!"[/color] The woman on the other side spoke in a thick accent of some kind, but...[sub]Perhaps a Greek accent?[/sub]

Before she had a chance to say anything else, the strange, unknown woman was greeted by the beast that lay beyond the wall:

                                                                           [color=black]Inch-after-inch of turgid, sweat-glistening BULLMEAT.[/color]

Peering down at the hefty slab of equine-shaming bulldick presented to her, the mystery lass leaned down to plant a soft, almost-[color=pink]doting[/color] smooch upon the flat-tipped crown of Bruno's fuckmast; while it was impossible for Bruno to feel, he'd [b]absolutely[/b] feel the light slathering of what was likely an oily speckling of [color=green]naturally-made lipbalm[/color] rub off her lips and on to that bulbous cockcrown of his. In a similar vein, several excess vines ensnared themselves around the shaft-to-tip-half of Bruno's dickmeat, slathering his spire in what must have been...nectar? Honey? Sap?

                                                                                                                             [color=green][b]Mwwaaah~![/b][/color] [eicon]green hearts[/eicon][eicon]dryadlips[/eicon][eicon]green hearts[/eicon]
[2024-01-05 00:49:40.085266] Athenia Purebloom: /me Hearing the sounds of a masculinely-pleased purr caused her to let out a soft giggle; clearly, she was more-than delighted to at least hear how much the bullstud enjoyed the soft, quaint touch of bliss she was feeding him. Though, rather than respond, she leaned in to plant another loving smooch to his crown. And then another. And another. And-

                            [color=green][b]✿MWAAH~!✿           [sub][color=pink]✿MWAAH~!✿[/color][/sub]          [sup][color=yellow]✿MWAAH~!✿[/color][/sup]            ✿MWAAH~!✿
                                                [sup]✿MWAAH~!✿[/sup]                 [sub][color=pink]✿MWAAH~!✿[/color][/sub]      [color=yellow]✿MWAAH~!✿[/color][/b][/color]

                                                                     [eicon]greenhearts[/eicon][eicon]kisssgreen[/eicon][eicon]greenhearts[/eicon]

As she peppered the head of his bullish dickcrown in smooch-after-smooch, not only had she parted her lips, but those prick-thin vines slithered farther forth- until they were slipping past the confines of the gloryhole, and down to the base of his [b]ARM-LENGTH[/b] dickmeat! Each vine [sub]which was, in fact slathered in nectar[/sub] trailed downwards, until the pair of them were beginning to twist and coil around his hefty cumkegs, giving his sac and the spire above a loving set of firm squeezes on the way down! While her vines worked their way along his shaft, her own lips parted as another kiss was placed on the greasy tip of his cock-head. She let her tongue lull itself forward to graze the underbelly of his glistening bulldick, lapping up the day-worked swaths of sweat lining his studpizzle.

Before long, those supposedly-luscious, painted lips wrapped around his fuckslab, and as she took inch-after-inch of his cockmeat gradually into her mouth, her tongue flicked along that turgid underbelly! [sub]Though, it almost felt as if, as her lips wrapped around his cock, more needle-thin vines coiled around his spire, and the potent aroma of flowers grew that much stronger. Was her mouth [u]also[/u] lined with vines, or something...?[/sub]
[2024-01-05 01:23:44.472142] Athenia Purebloom: /me [color=green][sub]"Mmmnnfff..."[/sub][/color] [eicon]green hearts[/eicon]

The mysterious, nature-wielding babe let a tender coo escape her lips as the bitter-yet-delectable tang of sweltering cock-sweat stained her tastebuds; in return, the swaths of grease were soon replaced with a warm, surprisingly-sticky trickle of spittle that ran down from his mid-shaft to his base. [sub]Thanks to this slow trickle, Bruno got to see that the supposed spittle was...[color=orange]more nectar?![/color][/sub]

Yep.

Amber rivets of the tendrilborne nectar were joined by the almost-as sticky slathering of a somewhat more diluted version of the same nectar, said nectar spilling downwards and dribbling on to his nuts, in the process. [s]And presumably on her own bust, but he wasn't fortunate enough to see this to confirm.[/s] At the same time, her lips snaked down his length in a snail-trail of a glide. While her lips were trailing further and further down his [color=black]bullish meatsaber,[/color] her tongue [b]THRASHED[/b] and [b]LAPPED[/b] about along every inch of his schmeat, slathering more of that alluring nectar along his fuckspear as she went; those vines slithered and trailed along both his gutpoking mast, and his spunk-churning jizzkegs, practically kneading both as if aiming to milk him!

                   [color=black]That was when her slow, teasing trail along his cock had stopped, and when she picked up her pace-[/color]

                                                                                                          [color=black][color=green]GLRRK-[/color]   [sub]SMACK-[/sub]   GLAKKK!![/color]
                                                                                                             [eicon]greenhearts[/eicon][eicon]mei_throat[/eicon][eicon]greenhearts[/eicon]

Her glossy, [color=green]green-hued tiers[/color] [b]BASHED[/b] against the wall that separated the two of them! [sub]Had the wall not been there, it'd have certainly been a [b]CROTCH-SMACKING[/b], self-inflicted bob of her head.[/sub] An audible, harsh [b]GAG[/b] could be heard from the other side of the wall, and with that fierce head-bob? The mystery nature-woman drew her head back- only to repeat the process! Again, and- [s]you get it.[/s] It was a brisk, eager pace of cock-gobbling that left the wall before her as stained in green hues of natural oils as Bruno's own dick!
[2024-01-05 01:58:44.624023] Athenia Purebloom: /me [sub]Oh, I gotta get going in an hour, so we'll have to wrap this up, soon![/sub]
[2024-01-05 02:19:59.455648] Athenia Purebloom: /me The cock-gobbling harlot behind the wall- whoever she may be- was practically smiling the moment she saw calloused, meaty fingers hanging over the wall amidst the [color=orange][b]sloppy SLURPFEST[/b][/color] she had offered to him!

                      [color=green][sup]GLRRK-[/sup]    [color=orange][sub]PLAP-[/sub][/color]   [sup] GLRRK-[/sup]    [color=orange][sub]PLAP-[/sub][/color]   [sup]GLRRK-[/sup]    [color=orange][sub]PLAP-[/sub][/color]   [sup]GLRRK-[/sup]    [color=orange][sub]PLAP-[/sub][/color]   [sup]GLRRK-[/sup]    [color=orange][sub]PLAP-[/sub][/color]   [sup]GLRRK-[/sup]    [color=orange][sub]PLAP-[/sub][/color]   [sup]GLRRK-[/sup]    [color=orange][sub]PLAP-[/sub][/color][/color]

Harsh, loud sounds of her lips [b]BASHING[/b] the wall echoed across the facility; the wall begun to [b]CRACK[/b] with each couple of [b]COCK-GOBBLING[/b], self-inflicted throatreams! At the same time, as her tongue glided along every inch of Bruno's now-polished breedslab, more and more of that slimy, sticky spitnectar ended up oozing down his spire, and either on to his nutsack, or on to the ground beneath him. Or on to his thighs, of course. [sub]There was also [u]definitely[/u] a series of wet, gooey splatters that sounded like a meeting of skin-against-fluids, on the other side. Yep, her tits were absolutely taking the brunt of that same nectar-oozing spit-slinging.[/sub]

                                               [color=pink][sub]SCCCCHHHLLLCCCCKKKK~~~[/sub][/color]

On a similar note, the sounds of loud, slimy [b][color=pink]❀SQUELCHES❀[/color][/b] followed behind the onslaught of tongue-lapping, cock-gobbling, and [b]FIERCE GAG-INDUCING THROAT-PLUNGING![/b] [sub]Was she fingering herself, back there?[/sub] If it hadn't been clear whether she was or not, the floral scent only [b]strengthened[/b], becoming abrasive, at this point. At the same time, those vines had slithered and slid along his fuckspire in nectar-smearing, lipbalm-slathering wriggles and writhes, practically [b]CONSTRICTING[/b] his breedmast...while knowingly playing a lot looser with his nuts. [sub]After all, he can't cum if his spermtanks were constricted, now can he?[/sub]
[2024-01-05 02:58:00.890095] Athenia Purebloom: /me
                                                                           [eicon]green hearts[/eicon][color=black]PLAP- [color=green]SCLRRP-[/color] PLAP- [color=green]SCHLRP-[/color] GLRRP- [color=green]GLRRK-[/color][/color][eicon]green hearts[/eicon]

                                                                                                [color=white][b]SPRRRLT SPRRRLCH SPRRRRRLT![/b][/color]
                                                                                                               [eicon]throatfug1[/eicon][eicon]throatfug2[/eicon]

The mystery occupant's gags were much harsher- much more [b]AUDIBLE[/b] as her lips were gradually aiding in [b]WRECKING[/b] the wall in front of her! More and more cracks formed in the wall while the two of them were at it- the nature-dwelling sucksleeve [b]SLURP-GOUGING[/b] her own throat around the engorged pillar of bullmeat, and said bull [b]THRASHING[/b] his hips into the wall with enough force that there was a clear, obvious threat of exposing them to one-another. Despite that, neither of them seemed to slow down their pace. It got to the point that-
[2024-01-05 03:04:38.128086] Athenia Purebloom: !help
[2024-01-05 03:04:54.106718] Athenia Purebloom: !leave_booth
[2024-01-22 22:49:15.585440] Athenia Purebloom: !leaderboard
