[2023-08-31 18:39:09.924870] BFG Division: !tokens
[2023-12-20 19:09:15.006636] BFG Division: !help
[2023-12-20 19:09:17.641751] BFG Division: !tokens
[2023-12-20 19:09:26.862703] BFG Division: !enter_gloryhole
[2023-12-20 19:37:07.564544] BFG Division: /me somehow has a premonition... that something should be happening.
[2023-12-20 19:46:05.772784] BFG Division: /me That venturing, eager piece didn't have to wait long whatsoever. A soft, feminine hum did sound forth, a bit of heated, humid breath to wash over that thing, growing a smidgen hotter before just the pointed, drooling tip itself disappeared past a pair of plush, soft lips. A slow suckle, a flick of the tongue, to both tease and get a first taste of the guy's overflowing precum. A slow descent, just barely, another inch or two disappearing, only to slip right back up. Back to rolling just the tongue around that tip, as well as adding a hand to the bottom-most bit of that dick available, a gentle squeeze and slow, rhythmic stroking to accompany the oral lavishing already gracing it.
[2023-12-20 20:01:51.027917] BFG Division: /me Apparently quite pleased both with the sounds echoing from the other end as much as the fact that there simply came in [i]more[/i] dick to work with here, that welcoming mouth only kept up its effort, suckling, slurping, turning this way and that and dragging along its tongue to roll and flick it along that canine tip. Only slowly, head still turning this way and that, bit by bit, rhythmically, did the descent begin anew. Dick disappeared, warmth and wetness spread, and every small drag backwards came accentuated with an intent, firm [b]sucking[/b] sensation that might yet draw lurid images of the dicksucker's cheeks hollowing out from the force of suction alone. And right back down it went, to swallow yet more dick, spreading both oral affection and drool along.
[2024-01-01 19:45:10.950971] BFG Division: !get_booths
[2024-01-01 19:45:14.370833] BFG Division: !enter_booth 3
[2024-01-01 19:46:40.226120] BFG Division: !set_description [b][color=pink]Best sloppy this side of the Mississippi![/color][/b] [eicon]heartgif[/eicon]
[2024-01-01 20:14:43.200578] BFG Division: !leave_booth
[2024-01-04 20:36:20.668304] BFG Division: !get_booths
[2024-01-04 22:06:59.339081] BFG Division: !enter_booth 2
[2024-01-04 22:07:15.506470] BFG Division: !set_description [b][color=pink]Best sloppy this side of the Mississippi![/color][/b] [eicon]heartgif[/eicon]
[2024-01-06 09:15:22.358634] BFG Division: !get_booths
[2024-01-06 09:15:25.735483] BFG Division: !enter_booth 1
[2024-01-06 09:15:30.653869] BFG Division: !set_description [b][color=pink]Best sloppy this side of the Mississippi![/color][/b] [eicon]heartgif[/eicon]
[2024-01-06 16:20:43.049786] BFG Division: !enter_booth 2
[2024-01-06 16:20:47.482755] BFG Division: !set_description [b][color=pink]Best sloppy this side of the Mississippi![/color][/b] [eicon]heartgif[/eicon]
[2024-01-06 20:12:27.888255] BFG Division: !get_booths
[2024-01-06 20:12:31.113656] BFG Division: !enter_booth 5
[2024-01-06 20:12:44.848770] BFG Division: !set_description [b][i][color=orange]Little mystery, fancy or faffing about with this here hole today: There stood, entirely presented and defenseless, a [url=https://wimg.rule34.xxx//images/1905/ea2fe7b19de11a7198200794ade3ea36a2f4118f.png]whole ass' worth.[/url] Bottle of lube and even packets of condoms on the side, how [b]thoughtful.[/b] Little note on the left read[/color] '[color=pink]Non-humans preffered, but not required - just make sure to give her your all~❤️'[/color][/i][/b]
[2024-01-09 22:18:22.835924] BFG Division: !enter_booth 3
[2024-01-09 22:18:37.455127] BFG Division: !set_description [b][i][color=orange]Little mystery, fancy or faffing about with this here hole today: There stood, entirely presented and defenseless, a [url=https://wimg.rule34.xxx//images/1905/ea2fe7b19de11a7198200794ade3ea36a2f4118f.png]whole ass' worth.[/url] Bottle of lube and even packets of condoms on the side, how [b]thoughtful.[/b] Little note on the left read[/color] '[color=pink]Non-humans preffered, but not required - just make sure to give her your all~❤️'[/color][/i][/b]
[2024-01-12 18:38:49.652173] BFG Division: !enter_booth 2
[2024-01-12 18:39:07.612851] BFG Division: !set_description [b][i]An invitation, clear as day.[/i][/b]
[eicon]incumaw1[/eicon]
[eicon]incumaw2[/eicon]
[2024-01-12 23:59:29.311012] BFG Division: !join_booth 2
[2024-01-12 23:59:36.763808] BFG Division: !enter_booth 2
[2024-01-12 23:59:43.121751] BFG Division: !set_description [b][i]An invitation, clear as day.[/i][/b]
[eicon]incumaw1[/eicon]
[eicon]incumaw2[/eicon]
[2024-01-12 23:59:57.546187] BFG Division: !set_description [b][i]An invitation, clear as day.[/i][/b]
[eicon]incumaw1[/eicon]
[eicon]incumaw2[/eicon]
[2024-01-13 16:54:23.443307] BFG Division: !enter_booth 2
[2024-01-13 16:54:27.503838] BFG Division: !set_description [b][i]An invitation, clear as day.[/i][/b]
[eicon]incumaw1[/eicon]
[eicon]incumaw2[/eicon]
[2024-01-13 20:21:35.665867] BFG Division: !enter_booth 21
[2024-01-13 20:21:40.434093] BFG Division: !enter_booth 2
[2024-01-13 20:21:52.160633] BFG Division: !leave_booth
[2024-01-13 20:22:06.685535] BFG Division: !enter_booth 2
[2024-01-13 20:23:11.288043] BFG Division: !enter_booth 2
[2024-01-13 20:23:24.089985] BFG Division: !enter_booth 3
[2024-01-13 20:23:38.266300] BFG Division: !set_description [b][i]An invitation, clear as day.[/i][/b]
[eicon]incumaw1[/eicon]
[eicon]incumaw2[/eicon]
[2024-01-13 20:24:05.158229] BFG Division: !get_booths
[2024-01-13 20:24:12.651970] BFG Division: !enter_booth 2
[2024-01-13 20:34:38.462986] BFG Division: !enter_booth 2
[2024-01-13 20:35:24.801110] BFG Division: !enter_booth 4
[2024-01-13 21:03:14.195246] BFG Division: !enter_booth 2
[2024-01-13 21:03:19.486363] BFG Division: !set_description [b][i]An invitation, clear as day.[/i][/b]
[eicon]incumaw1[/eicon]
[eicon]incumaw2[/eicon]
[2024-01-14 00:24:42.053005] BFG Division: !enter_booth 2
[2024-01-14 00:24:53.819158] BFG Division: !set_description [b][i][color=orange]Little mystery, fancy or faffing about with this here hole today: There stood, entirely presented and defenseless, a [url=https://wimg.rule34.xxx//images/1905/ea2fe7b19de11a7198200794ade3ea36a2f4118f.png]whole ass' worth.[/url] Bottle of lube and even packets of condoms on the side, how [b]thoughtful.[/b] Little note on the left read[/color] '[color=pink]Non-humans preffered, but not required - just make sure to give her your all~❤️'[/color][/i][/b]
[2024-01-14 01:10:44.997958] BFG Division: !leaderboard
[2024-01-14 01:20:39.411973] BFG Division: !leave_booth
[2024-01-15 23:00:21.509560] BFG Division: !get_booths
[2024-01-15 23:00:27.397670] BFG Division: !enter_booth 2
[2024-01-15 23:00:31.800368] BFG Division: !join_booth 2
[2024-01-15 23:00:46.900746] BFG Division: !enter_booth 1
[2024-01-15 23:06:47.695605] BFG Division: !enter_booth 1
[2024-01-15 23:09:27.026992] BFG Division: !enter_booth 1
[2024-01-15 23:09:35.831365] BFG Division: !set_description [b][i]An invitation, clear as day.[/i][/b]
[eicon]incumaw1[/eicon]
[eicon]incumaw2[/eicon]
[2024-01-15 23:51:45.641797] BFG Division: !leave_booth
[2024-01-20 01:25:29.934663] BFG Division: !enter_booth 1
[2024-01-20 01:26:10.278125] BFG Division: !set_description [b][color=pink]Best sloppy this side of the Mississippi![/color][/b] [eicon]heartgif[/eicon]
[2024-01-20 02:08:40.126149] BFG Division: !leave_booth
[2024-01-21 14:30:53.748060] BFG Division: !enter_booth 2
[2024-01-21 14:30:58.066618] BFG Division: !set_description [b][i]An invitation, clear as day.[/i][/b]
[eicon]incumaw1[/eicon]
[eicon]incumaw2[/eicon]
[2024-01-21 18:47:53.668774] BFG Division: !leave_booth
