[2024-01-05 19:57:01.723028] Bubblebrain: !help
[2024-01-05 19:57:05.173396] Bubblebrain: !get_booths
[2024-01-05 20:02:22.190119] Bubblebrain: !enter_booth 1
[2024-01-05 20:02:24.763649] Bubblebrain: !set_description [i][b][color=brown]Located on the docks of a lawless pirate shanty-town, this gloryhole is made out of a large, wooden box, with a hole cut out through it to stick your cock through. It's almost impossible to see who's inside, as it's quite dark in there, but the big, painted-on sign on the top of the box might give an indication, or not;[/color][u][color=green]FRESH CATCH OF THE DAY!🐠[/color][/u][color=brown] There's also a slot in the wall with a thick rope sticking out from it, allowing you to tug on it to pull the "catch" closer to the hole, should you need to.

Oh, and you are quite welcome to leave behind your own messages (using !scribble) on the wall.[/color][/b][/i]
[2024-01-06 00:19:59.205455] Bubblebrain: !get_booths
[2024-01-06 01:11:52.890670] Bubblebrain: !get_booths
[2024-01-06 01:27:54.322273] Bubblebrain: /me (oh shit hold on im gaming, give me like 5mins)
[2024-01-06 01:32:58.271695] Bubblebrain: /me okay hi im here~
[2024-01-06 01:39:05.611540] Bubblebrain: /me The chain rattles a little as [user]Josh[/user] approaches... Thus far, the gloryhole looks relatively pristine, considering the surroundings. It's occupant is still inside, squirming and seemingly huffing a little in frustration...
[2024-01-06 01:39:44.947401] Bubblebrain:  !set_description [i][b][color=brown]Located on the docks of a lawless pirate shanty-town, this gloryhole is made out of a large, wooden box, with a hole cut out through it to stick your cock through. It's almost impossible to see who's inside, as it's quite dark in there, but the big, painted-on sign on the top of the box might give an indication, or not; [/color][u][color=green]FRESH CATCH OF THE DAY!🐠[/color][/u][color=brown] There's also a slot in the wall with a thick rope sticking out from it, allowing you to tug on it to pull the "catch" closer to the hole, should you need to.

Oh, and you are quite welcome to leave behind your own messages (using !scribble) on the wall.
(Warning. Some dubcon or even noncon themes may apply here)[/color][/b][/i]
[2024-01-06 01:39:51.233806] Bubblebrain: !set_description [i][b][color=brown]Located on the docks of a lawless pirate shanty-town, this gloryhole is made out of a large, wooden box, with a hole cut out through it to stick your cock through. It's almost impossible to see who's inside, as it's quite dark in there, but the big, painted-on sign on the top of the box might give an indication, or not; [/color][u][color=green]FRESH CATCH OF THE DAY!🐠[/color][/u][color=brown] There's also a slot in the wall with a thick rope sticking out from it, allowing you to tug on it to pull the "catch" closer to the hole, should you need to.

Oh, and you are quite welcome to leave behind your own messages (using !scribble) on the wall.
(Warning. Some dubcon or even noncon themes may apply here)[/color][/b][/i]
[2024-01-06 01:47:56.851098] Bubblebrain: /me Something pokes through the hole for it's occupant, who seems a little perplexed at first. "H-Huh? What? Where... Who's there? Mmfh.. What is this?..." she asks, her tone most definitely female, and a little bit... Anxious. The being within doesn't really touch it, squirming a bit, but accidentally brushing her cheek against the tip of that prickled rod. "What are you doing? Nnnfh... Why does it smell like that? Mmmfh... Let me out of h-mmhfh!" The light tug on the rope nudges the occupant a little closer, mashing their lips against his tip briefly , giving it a little kiss, before the tilt back their head. "Hey!"
[2024-01-06 02:01:45.393307] Bubblebrain: /me (No worries!)
The "little fish" inside whines a little, wriggling around in the large box. "Mmmfh... Sucking? I... What?" They seem genuinely confused, but their lips make contact again, giving it a little, reluctant peck. Of course, the threat of putting the "Other hole" to use isn't really one that Josh can follow up on, since there's only one hole in this box currently...
But, regardless, it seems like he won't need to follow through on it, as a set of juicy, full lips gingerly peck the tip, and glide over it slightly. It takes a little more, soon enough engulfing the head, a tongue slipping out and tentatively licking over the texture of his cockhead, before suddenly pulling away.
"Why is it prickly? Are those... Spikes?"
[2024-01-06 02:14:19.429307] Bubblebrain: /me "S-Stop... Pushing it at me like that! Ach! Mmmfh... It's not funny, either! Unfh.. F-Fine! Can I just... Avoid the spikes?" the fishy stranger asks from within the gloryhole, occasionally having their lips kiss the tip by accident while they're talking. Of course, there's still that rope, in case you need to bring her closer...
But for now, the mysterious occupant gives in, and lets out a little sigh, before they wrap those warm, moist, and plush lips around the head, and start to suckle on it. Very lightly, but it feels nice regardless, especially when that slippery tongue glides over the tip in a slight circular motion. There's some movement wit hthe lips too, bobbing back and forth just over the sensitive glans, and doing their best to completely avoid the barbs further down the shaft.
[2024-01-06 02:24:50.454351] Bubblebrain: /me "Gllpphhkh!" The rope tightens, and the mysterious suckslut within is pulled with it, closer to the walls of the box. She squirms a little, but otherwise doesn't resist much, and that cock sinks in, deeper and deeper into her gullet. Its smooth, slippery, almost oily in there, with the inside texture being soft and squishy. Not to mention how warm it is, contrasting to the cool, sea breeze outdoors. And the best part? That cock can just keep on going. It doesn't seem like they have a gag reflex in there, so he can just keep on going to the very base, should he wish to - and no one can stop him~
[2024-01-06 02:35:19.429555] Bubblebrain: /me Aside from the friction of those barbs against the inside of her throat, scraping and making her groan a bit in discomfort - there's little to stop him from thrusting as deep as he likes. It's' tight, warm and snug, sure, but there's no gagging to force him out, and the stranger doesn't really squirm or rattle around much in their gloryhole, as they're pulled by the rope until their nose is touching the wood. Sloppy throatslime and saliva soak that thick, feline rod, as the mysterious fucktoy within just endures it, seemingly still holding their breath as Josh just keeps ramming himself into the gloryhole.
[2024-01-06 02:49:48.081853] Bubblebrain: /me Some of that messy throatslop drools out over the strangers chin, no doubt dripping down on to their chest, perhaps their lap, and the floor below that they're kneeling on. With the rope around her collar being pulled harshly, the creature within groans uncomfortably as their nose bumps into the wood again, squirming a bit to try and pull back. Josh can just about see the very lips that are blowing him right now, poking through the hole. Juicy and plump, coloured with [color=orange]orange lipstick[/color][eicon]orangekiss[/eicon], with the skin around their mouth looking a pale yellow colour. That's about all he can make out of his partner, as they gargle and froth on his fat cock, swallowing down the precum that leaks out of him, and feeling those barbs scraping the inside of their poor throat.
[2024-01-06 03:08:05.186953] Bubblebrain: /me Nothing they can do to stop it, but just suckle on it harder, keeping those lips sealed as best they can against the oddly-textured appendage. Groans can be heard from the creature inside, as she feels how he throbs and leaks more, until finally, slamming one last time as deep as he can into the box, her lips kissing the base of his rod, sealed tight like a vacuum as that entire shaft disappears in a warm, slimey sleeve of pure bliss. Hot, thick cum squirting down into the strangers throat, straight into her tummy to be digested. More and more swimmers are spluttered down, and the mysterious "fish" within just keeps her lips around it, sealed tight and swallowing every single drop that leaves Josh's nuts. Not a single drop is gone to waste, all of it ending up in her tummy... And when Josh eventually ends up retreating, he'll notice his cock is smudged all over in orange lipstick.~ "Ahh... Mmmfhah... Goodness... Ack... My throat... Ack..."
[2024-01-06 03:10:52.128219] Bubblebrain: /me [sup]Thanks for the roleplay, was fun~[/sup]
[2024-01-06 03:11:21.988308] Bubblebrain: /me [color=orange]Who's next?[/color] [eicon]orangekiss[/eicon]
[2024-01-06 03:18:21.367284] Bubblebrain: !set_description [i][b][color=brown]Located on the docks of a lawless pirate shanty-town, this gloryhole is a large wooden box made out of a long planks, with a hole cut out on one side to stick your cock or other appendages through. It's almost impossible to see who's inside, as it's quite dark in there, but the big, painted-on sign on the top of the tall, wooden booth might give an indication, or not; [/color][u][color=green]FRESH CATCH OF THE DAY!🐠[/color][/u][color=brown] There's also a slot in the wall with a thick rope sticking out from it, likely attached to a collar on their neck, allowing you to tug on it to pull the "catch" closer to the hole, should you need to.

Oh, and you are quite welcome to leave behind your own messages (using !scribble) on the wall.
(Warning. Some dubcon or even noncon themes may apply here)[/color][/b][/i]
[2024-01-06 03:20:04.101969] Bubblebrain: /me There's some panting heard from within the box as you approach, and a sigh as its' occupant hears your footsteps. "Hello? Mmfh... Could you get me out of here? Huff... People here are so rude..." the mysterious one complains, and a strange, single, wet slapping sound can be heard. [sub]"Ow."[/sub]
[2024-01-06 03:29:06.288702] Bubblebrain: !set_description [i][b][color=brown]Located on the docks of a lawless pirate shanty-town, this gloryhole is a large wooden box made out of a long planks, roughly 5 feet tall, with a hole cut out on one side to stick your cock or other appendages through. It's almost impossible to see who's inside, as it's quite dark in there, but the big, painted-on sign on the top of the tall, wooden booth might give an indication, or not; [/color][u][color=green]FRESH CATCH OF THE DAY!🐠[/color][/u][color=brown] There's also a slot in the wall with a thick rope sticking out from it, likely attached to a collar on their neck, allowing you to tug on it to pull the "catch" closer to the hole, should you need to.

Oh, and you are quite welcome to leave behind your own messages (using !scribble) on the wall.
(Warning. Some dubcon or even noncon themes may apply here)[/color][/b][/i]
[2024-01-06 03:34:40.523637] Bubblebrain: /me The stranger inside can be heard squirming around some more, then sighing as the outsider seems to just muse on about their own things. "Can you even hear me? Can you understand me? Hellooo?... Huff... Landwalkers are so strange and rude..." she comments, taking in a deep breath - and getting a whiff of that honey-like scent. 
"What... What's that smell? It's... Kinda nice? Sweet? Hm... I.. I've never smelled this before... Hey, wait a second!" Before she can complain any more, that juicy bee-dick is stuffed through into the gloryhole, only intensifying that scent coming off of it for the inhabitant of the box.
"Dammit... Not again! Mmfh... At least this one smells nice... And no spikes, either... Ugh... Hey, could you just... Let me out instead? THere's been a misunderstanding here..." she complains, feeling the tip of that bee-dong rubbing against her plush, soft cheek, making it a bit awkward to talk. As with the last client, they're still a little reluctant...

(OOC note - I'm open to oviposition...)
[2024-01-06 03:35:15.660778] Bubblebrain: /me [sup]also, be careful using /me, because that came through to me as well ;p[/sup]
[2024-01-06 03:37:34.939574] Bubblebrain: /me (Fucking rude.)
[2024-01-06 03:37:47.332155] Bubblebrain: /me (Get your own bee, smh)
[2024-01-06 03:51:27.337542] Bubblebrain: /me The stranger inside yelps a little as the rope is pulled, which brings them closer to the walls of the booth - and that cock, too. "Hey! Nnnfh... C-cut that out! Nnngh... Dammit... You people-" With the tip of that cock mashing into her cheek and lips, it smears that drop of honey-precum against the strangers mouth, which they instinctively stick their tongue out to lick away. It's sweet... They've never tasted honey before, but they like it.. And ooh, it's kinda making her a bit... Tingly?...
"Ah.. Alright, fine... Fine... Nngh... What... What is this slime though? It's so sweet, and... Mmfh..." The stranger within seems to put on a calmer, softer tone now, as the honey is working its magic on her, tingling her mind and making her more relaxed...
Eventually, the stranger opens their mouth wide and wraps their plump, plush, [color=orange]orange-painted lips[/color] neatly around the head, gingerly suckling on it and letting out a low, soft hum...
[2024-01-06 04:00:32.257327] Bubblebrain: /me (its okay. repost it with proper coding if you want lol)
[2024-01-06 04:08:14.633767] Bubblebrain: /me It seems like the occupant of the gloryhole does relax a little, from just the lovely , sweet scent of that honey-musk, and the taste of it oozing out on to her tongue. It also helps that Amber is being quite gentle for the time being, slowly pulling the stranger closer with the rope, allowing them to brace for it somewhat. Those juice, warm and soft lips are sealed around the smooth shaft of the beecock, and they let out a little, muffled moan as they're pulled closer to the hole in the wall, while the bee draws their cock back out... 
Eventually, the desired effect is reached, as there's no more rope to pull on, with the occupants face no doubt being pressed into the wall. The only thing that Amber can see of the mysterious occupant, though, is their swollen, [color=orange]orange-coloured, glossy lips[/color][eicon]blukiss4[/eicon], slightly smudged around their mouth, their skin revealed to be a pale yellow.
At first, they seem a little embarassed and reluctant... But after a few moments, reminded of that sweetness, the lips open up again, inviting the bee to put their cock back inside.
The long, jet-black cock sinks in easily into their warm, cozy sleeve of a mouth, and glides further and further inside, down into the back of their throat with minimal resistance. It's mushy, warm and tight in there, sure, but no hint of gagging to block them from going any further... Frankly, nothing seems to stop Amber from pushing all the way in, should she want to.
[2024-01-06 04:28:50.306451] Bubblebrain: /me All that reluctance and frustration from earlier seems to have melted away  - whether they are truly enjoying themselves, or it's the aphrodisiac-like effect of the honey taking its toll on their body, or a mix of both, is unknown. Does it matter, though? They seem to be more relaxed now, and at peace with their place here - gargling down strangers' cocks with ease and without complaint.
Not like they need to do much, though, as the stranger just sits there, face pressed as close to the wall as they can, lips peeking out through the gloryhole, latching on like a leech to the fat, oozing cock that's fed to her, seemingly eager for more of its sweet nectar.
As Amber draws their hips back, those lips seal tighter around her rod, the tongue gliding and lapping smoothly along the underside of the tip as it rests there for a few moments, before letting it push right back down into her gullet. The fishy stranger can be heard moaning, her voice vibrating down the lengthy tool of the bee, as those plush dick-kissers come to smooch the root of their cock, over and over, as Amber jams it back down all the way, hips-to-plank. Still no resistance, or even any complaint about needing air - they just seem to be eager to drink more of that honey down, really!
[2024-01-06 04:49:43.794500] Bubblebrain: /me The stranger within is not quite feeling herself right now either, as she just endures all that throat-swabbing without any complaint, letting out little delighted moans that reverberate down the length of the bee's erection whenever another dollop of honey is squeezed out for the "fish" to feast on. Goodness. They might be getting addicted. 
Just the sound of sloppy suckage and lewd slurping leave those bimbo-like lips, as Amber crams her cock in deep, then pulls it back out again, over and over, taking the occasional break, which allows the stranger to lick around their lips and get some extra air, even if they didn't really need it. Or maybe it's just to inhale more of that lovely stench?

Regardless, even as the rope goes slack, they're still pressing up to the wall, eagerly offering their lips to get stuffed with beecock once again, humming delightedly as its crammed back down into her gullet, over and over, staining her throat with more of that thick, sticky slime.
However, when Amber buzzes out that little warning... They react.
"Mmmfh?..." Did she hear that right? Eggs?...
Despite their anxiety and confusion... They can't bring the mental fortitude to pry away from the source of this delicious nectar. Eggs or not, they eagerly suck out more honey from the polished, black shaft that's cramming in and out of their maw, painting it orange with their lipstick~
[2024-01-06 05:15:30.318040] Bubblebrain: /me They have been eagerly awaiting this, since they got that first whiff of that pungent bee-musk. What a delicious treat, well worth the effort and patience required, as the aquatic stranger within seals their lips tight, eager to not let a single drop go amiss, as thick, rich, potent honey is splattered down into their tummy, bringing a muffled moan of pure delight from the stranger...
However, the next part? Well, had she been with all of her senses and thinking properly, it'd probably be a little horrifying. But right now?... It's quite welcomed. They gargle and groan a bit as that first, bulging bump travels through the tasty, black cock, feeling it push past her lips and travelling down further, further through the shaft and bulging the cocksuckers' throat in the process. More and more eggs are pumped down, landing with a splash in the honey-filled stomach of the mysterious stranger, who can feel themselves swelling up a little from the sheer volume of those eggs...

When Amber finally retreats for good, those orange, smudged lips are panting heavily, letting out a little burp. "Oh... G-Goodness... Ohh... By the moon... Mmmfh... T-Thank you... Haah... P-Please... More of that... Sweet slime, please..." she pleads, licking around her lips to clean off an outer sheen of honey, and letting out a deep, heavy sigh. As Amber starts to walk away, the "fish" in the box huffs a little, retreating back from the hole slightly to sit back and recover, no doubt rubbing their swollen, gravid tummy, and savouring whatever is left of that delicious flavour in their mouth...

(OOC question... Are those eggs gonna hatch or anything? Or is it just like eating an omelette? xD)
[2024-01-06 05:15:55.560555] Bubblebrain: /me (either way, woah, loads of fun~)
[2024-01-06 05:20:14.372981] Bubblebrain: !leave_booth
