[2024-01-01 19:27:07.935936] Cindy The Bimbi: !get)_booths
[2024-01-01 19:27:11.704952] Cindy The Bimbi: !get_booths
[2024-01-01 19:27:25.064288] Cindy The Bimbi: !enter_booth 1
[2024-01-01 19:27:36.686208] Cindy The Bimbi: !set_description A well-kept gloryhole in the back on a busy Tavern Bathroom, an crude image of a smiling bimbo is drawn near the hole
[2024-01-01 19:28:08.616851] Cindy The Bimbi: /me lets out a needy moaan
[2024-01-01 19:34:16.527694] Cindy The Bimbi: !set_description A well-kept gloryhole in the back on a busy Tavern Bathroom, an crude image of a smiling bimbo is drawn near the hole. (No Scat, piss, or gore please! Happy to service cocks and pussies alike! :)
[2024-01-01 19:34:20.804919] Cindy The Bimbi: !get_booths
[2024-01-01 19:43:36.460347] Cindy The Bimbi: !get_booths
[2024-01-01 20:05:13.886351] Cindy The Bimbi: !get_booths
[2024-01-01 20:18:22.257039] Cindy The Bimbi: nooooo
[2024-01-01 20:19:39.393172] Cindy The Bimbi: nuh uh
[2024-01-01 20:24:26.980136] Cindy The Bimbi: nope
[2024-01-01 20:34:00.299425] Cindy The Bimbi: nuh uh
[2024-01-01 20:36:53.151877] Cindy The Bimbi: nu
[2024-01-01 20:38:14.338252] Cindy The Bimbi: !get_booths
[2024-01-01 20:48:33.723235] Cindy The Bimbi: !get_booths
[2024-01-01 20:54:50.140611] Cindy The Bimbi: /me lets out a horny whine.
[2024-01-01 20:55:33.958077] Cindy The Bimbi: noooo'
[2024-01-01 20:56:15.380243] Cindy The Bimbi: !set_description A well-kept gloryhole in the back on a busy Tavern Bathroom, an crude image of a smiling bimbo is drawn near the hole, horny whines come from inside. (No Scat, piss, or gore please! Happy to service cocks and pussies alike! :)
[2024-01-01 20:56:23.208968] Cindy The Bimbi: !get_booths
[2024-01-01 20:57:28.927922] Cindy The Bimbi: incorrect.
[2024-01-01 21:05:16.937748] Cindy The Bimbi: no
[2024-01-01 21:21:37.006233] Cindy The Bimbi: !join_booth 1
[2024-01-01 21:21:38.043817] Cindy The Bimbi: !set_description A well-kept gloryhole in the back on a busy Tavern Bathroom, an crude image of a smiling bimbo is drawn near the hole, horny whines come from inside. (No Scat, piss, or gore please! Happy to service cocks and pussies alike! :)
[2024-01-01 21:21:44.547486] Cindy The Bimbi: !help
[2024-01-01 21:21:57.169360] Cindy The Bimbi: !enter_booth 1
[2024-01-01 21:22:00.577554] Cindy The Bimbi: !set_description A well-kept gloryhole in the back on a busy Tavern Bathroom, an crude image of a smiling bimbo is drawn near the hole, horny whines come from inside. (No Scat, piss, or gore please! Happy to service cocks and pussies alike! :)
[2024-01-01 21:24:13.750565] Cindy The Bimbi: no I haven't
[2024-01-01 21:24:44.999316] Cindy The Bimbi: noooo
[2024-01-01 21:27:20.994335] Cindy The Bimbi: noooo
[2024-01-01 21:30:10.583592] Cindy The Bimbi: wrong.
[2024-01-01 21:31:03.360888] Cindy The Bimbi: kk
[2024-01-01 21:32:43.961366] Cindy The Bimbi: /me presses her mouth against the hole.
[2024-01-01 21:34:00.570637] Cindy The Bimbi: hh
[2024-01-01 21:34:31.959104] Cindy The Bimbi: !enter_booth 1
[2024-01-01 21:34:47.369515] Cindy The Bimbi: !set_description A well-kept gloryhole in the back on a busy Tavern Bathroom, an crude image of a smiling bimbo is drawn near the hole, horny whines come from inside. (No Scat, piss, or gore please! Happy to service cocks and pussies alike! :)
[2024-01-01 21:39:10.655598] Cindy The Bimbi: !get_booths
[2024-01-01 21:43:58.683865] Cindy The Bimbi: !enter_booth 1
[2024-01-01 21:44:02.411801] Cindy The Bimbi: !set_description A well-kept gloryhole in the back on a busy Tavern Bathroom, an crude image of a smiling bimbo is drawn near the hole, horny whines come from inside. (No Scat, piss, or gore please! Happy to service cocks and pussies alike! :)
[2024-01-01 21:44:04.153624] Cindy The Bimbi: bla bla
[2024-01-01 21:48:57.649534] Cindy The Bimbi: stoooop.
[2024-01-01 21:53:24.460456] Cindy The Bimbi: !leave_booth
[2024-01-02 01:07:21.824103] Cindy The Bimbi: !get_booths
[2024-01-02 01:07:36.907071] Cindy The Bimbi: !enter_booth 1
[2024-01-02 01:07:44.753758] Cindy The Bimbi: !enter_booth 2
[2024-01-02 01:07:46.077164] Cindy The Bimbi: !set_description A well-kept gloryhole in the back on a busy Tavern Bathroom, an crude image of a smiling bimbo is drawn near the hole, horny whines come from inside. (No Scat, piss, or gore please! Happy to service cocks and pussies alike! :)
[2024-01-02 01:07:52.554258] Cindy The Bimbi: !get_booths
[2024-01-02 01:20:45.477654] Cindy The Bimbi: !get_booths
[2024-01-02 01:27:44.688729] Cindy The Bimbi: !info
[2024-01-02 01:27:51.586013] Cindy The Bimbi: !intro
[2024-01-02 01:44:47.603179] Cindy The Bimbi: !get_booths
[2024-01-02 01:46:42.568501] Cindy The Bimbi: !set_description A well-kept gloryhole in the back on a busy tavern bathroom, an crude image of a smiling bimbo is drawn near the hole, horny begging come from inside.
 
(No scat, piss, or gore please! Happy to service cocks of any race and gender! :)
[2024-01-02 01:46:46.978253] Cindy The Bimbi: !get_booths
[2024-01-02 01:58:10.573787] Cindy The Bimbi: noooooo!
[2024-01-02 01:58:16.423356] Cindy The Bimbi: !get_booths
[2024-01-02 01:59:56.059195] Cindy The Bimbi: Wrong.
[2024-01-02 02:00:22.795302] Cindy The Bimbi: !leave_booth
[2024-01-02 02:00:36.259368] Cindy The Bimbi: !enter_booth 2
[2024-01-02 02:00:38.957414] Cindy The Bimbi: !set_description A well-kept gloryhole in the back on a busy tavern bathroom, an crude image of a smiling bimbo is drawn near the hole, horny begging come from inside.

(No scat, piss, or gore please! Happy to service cocks of any race and gender! :)

[2024-01-02 02:09:07.915122] Cindy The Bimbi: !enter_booth 2
[2024-01-02 02:09:13.894092] Cindy The Bimbi: !set_description A well-kept gloryhole in the back on a busy tavern bathroom, an crude image of a smiling bimbo is drawn near the hole, horny begging come from inside.

(No scat, piss, or gore please! Happy to service cocks of any race and gender! :)
[2024-01-02 02:09:24.315545] Cindy The Bimbi: !get_booths
[2024-01-02 02:18:09.709674] Cindy The Bimbi: noooo
[2024-01-02 02:25:45.399731] Cindy The Bimbi: !help
[2024-01-02 02:25:50.711665] Cindy The Bimbi: !set_customers 1
[2024-01-02 02:37:15.267710] Cindy The Bimbi: noooo
[2024-01-02 02:49:11.023913] Cindy The Bimbi: wrong
[2024-01-02 02:50:12.453580] Cindy The Bimbi: Hm.
[2024-01-02 02:50:27.525453] Cindy The Bimbi: !leave_booth
[2024-01-02 02:50:31.886431] Cindy The Bimbi: !enter_booth 2
[2024-01-02 02:50:37.487797] Cindy The Bimbi: !set_description A well-kept gloryhole in the back on a busy tavern bathroom, an crude image of a smiling bimbo is drawn near the hole, horny begging come from inside.

(No scat, piss, or gore please! Happy to service cocks of any race and gender! :)
[2024-01-02 02:50:52.581896] Cindy The Bimbi: I just typed. -_-
[2024-01-02 02:53:55.398852] Cindy The Bimbi: /me happily applies a fresh pair of lipstick as she sees someone approaching her hole.
[2024-01-02 02:57:49.489906] Cindy The Bimbi: /me eagerly awaits the cock to arrive at her hole, now that her lipstick has been applied.
[2024-01-02 02:58:33.812046] Cindy The Bimbi: !enter_booth 2
[2024-01-02 02:58:53.936013] Cindy The Bimbi: !set_description A well-kept gloryhole in the back on a busy tavern bathroom, an crude image of a smiling bimbo is drawn near the hole, horny begging come from inside.

(No scat, piss, or gore please! Happy to service cocks of any race and gender! :)
[2024-01-02 03:03:24.192671] Cindy The Bimbi: /me doesn't quite answer from behind the hole just yet, making sure to give your cock a soft lick and a slight kiss on the tip, before answering your question. "[color=pink]Mmm, maybe it was.[/color]" She said in a soft tone, before letting out a soft giggle, drawing your cock along the side of your shaft, before giving it one last kiss at the bottom. If you looked, you'd be able to tell that she had hot pink lipstick on, judging by the marks they left along your cock. She begins to do the same on the other side, slowly pulling her tongue across the length of your cock, eager to get it hard.
[2024-01-02 03:08:18.952663] Cindy The Bimbi: no!!
[2024-01-04 21:59:31.778858] Cindy The Bimbi: !enter_booth 2
[2024-01-04 21:59:43.177117] Cindy The Bimbi: !set_description [color=pink][i][b]A well-kept gloryhole in the back on a busy tavern bathroom, an crude image of a smiling bimbo is drawn near the hole, horny begging come from inside.[/b][/i][/color]

(No scat, piss, or gore please! Happy to service cocks of any race and gender! :)
[2024-01-04 21:59:50.828053] Cindy The Bimbi: !get_booths
[2024-01-04 21:59:56.316956] Cindy The Bimbi: !leave_booth
[2024-01-04 21:59:59.782594] Cindy The Bimbi: !enter_booth 1
[2024-01-04 22:00:01.120062] Cindy The Bimbi: !set_description [color=pink][i][b]A well-kept gloryhole in the back on a busy tavern bathroom, an crude image of a smiling bimbo is drawn near the hole, horny begging come from inside.[/b][/i][/color]

(No scat, piss, or gore please! Happy to service cocks of any race and gender! :)
[2024-01-04 22:50:47.635381] Cindy The Bimbi: nope. :)
[2024-01-04 22:51:10.301090] Cindy The Bimbi: !leave_booth
[2024-01-04 22:51:14.271676] Cindy The Bimbi: !enter_booth 1
[2024-01-04 22:51:22.693950] Cindy The Bimbi: !set_description [color=pink][i][b]A well-kept gloryhole in the back on a busy tavern bathroom, an crude image of a smiling bimbo is drawn near the hole, horny begging come from inside.[/b][/i][/color]

(No scat, piss, or gore please! Happy to service cocks of any race and gender! :)
[2024-01-04 22:52:37.188392] Cindy The Bimbi: no.
[2024-01-04 23:19:37.115277] Cindy The Bimbi: nuh uh
[2024-01-04 23:19:47.682344] Cindy The Bimbi: !get_booths
[2024-01-04 23:19:57.343914] Cindy The Bimbi: !leave_booth
[2024-01-05 02:00:39.410081] Cindy The Bimbi: !enter_booth 2
[2024-01-05 02:00:46.382826] Cindy The Bimbi: !set_description [color=pink][i][b]A well-kept gloryhole in the back on a busy tavern bathroom, an crude image of a smiling bimbo is drawn near the hole, horny begging come from inside.[/b][/i][/color]

(No scat, piss, or gore please! Happy to service cocks of any race and gender! :)
[2024-01-05 02:33:55.693440] Cindy The Bimbi: !leave_booth
[2024-01-06 06:59:47.820884] Cindy The Bimbi: !get_booths
[2024-01-06 07:00:00.539350] Cindy The Bimbi: !enter_booths
[2024-01-06 07:00:12.886862] Cindy The Bimbi: !enter_booths 2
[2024-01-06 07:00:17.901536] Cindy The Bimbi: !enter_booth 2
[2024-01-06 07:00:19.614454] Cindy The Bimbi: !set_description [color=pink][i][b]A well-kept gloryhole in the back on a busy tavern bathroom, an crude image of a smiling bimbo is drawn near the hole, horny begging come from inside.[/b][/i][/color]

(No scat, piss, or gore please! Happy to service cocks of any race and gender! :)
[2024-01-06 07:44:59.847032] Cindy The Bimbi: /me took a moment to get to your cock, maybe they were surprised by it's length, or maybe something else. Regardless, after a few moments, you could feel a tongue licking along the length of your shaft, the tongue behind the hole looking to get your cock hard before pleasuring it fully. After a few moments of licking up and down, she began to suck on the tip, her big pillowy lips giving a lovely sensation to your girlcock as she moaned just from pleasing it.
[2024-01-06 07:55:50.397391] Cindy The Bimbi: /me took this eager gasping and pressing as a queue to continue, lowering her lips down on your cock from behind the hole, slowly moving all the way down the length of your girlmeat until she hilted it, before beginning to slowly bob up and down, making a few enjoyable noises from behind the wall, cluing you in that she was enjoying it just as you were. As she bobbed up and down she made sure to use her tongue as well, eager to provide you with the most pleasure possible~!
[2024-01-06 08:14:32.505493] Cindy The Bimbi: /me only lets out louder moans as you begin to thrust more, seeming rather happy with the direction this is going and not being bothered at all by a potential face-fuck. She even speeds up her bobbing to go along with your thrusting, eagerly speeding up her tongue-usage as well, playing with your tip as she bobbed on your cock, eager for your lovely cum that you were hiding deep inside that girlcock of yours.
[2024-01-06 08:27:03.017020] Cindy The Bimbi: /me happily hilts the cock as you let out those moans, she could easily tell that you were about to orgasm and got ready. As you began to cum, he swallowed every drop your shot into her mouth, not letting a single rope escape. Once you managed to finished, she made sure to lick your cock clean before pulling her lips off of it. Once she finished, she gave a happily little giggle from behind the hole. "Like, thankies~!" Was all she said.
[2024-01-06 18:57:45.884878] Cindy The Bimbi: !get_booths
[2024-01-06 19:15:02.485021] Cindy The Bimbi: !enter_booth 3
[2024-01-06 19:15:12.622162] Cindy The Bimbi: !set_description [color=pink][i][b]A well-kept gloryhole in the back on a busy tavern bathroom, an crude image of a smiling bimbo is drawn near the hole, horny begging come from inside.[/b][/i][/color]

(No scat, piss, or gore please! Happy to service cocks of any race and gender! :)
[2024-01-06 20:01:51.429698] Cindy The Bimbi: !leave_booth
[2024-01-06 20:01:54.396355] Cindy The Bimbi: !get_booths
[2024-01-06 20:02:00.347358] Cindy The Bimbi: !enter_booth 2
[2024-01-06 20:02:09.738451] Cindy The Bimbi: !set_description [color=pink][i][b]A well-kept gloryhole in the back on a busy tavern bathroom, an crude image of a smiling bimbo is drawn near the hole, horny begging come from inside.[/b][/i][/color]

(No scat, piss, or gore please! Happy to service cocks of any race and gender! :)
[2024-01-06 20:05:26.501780] Cindy The Bimbi: nooooo~!
[2024-01-06 20:15:26.986449] Cindy The Bimbi: !enter_booth 2
[2024-01-06 20:15:34.918543] Cindy The Bimbi: !set_description [color=pink][i][b]A well-kept gloryhole in the back on a busy tavern bathroom, an crude image of a smiling bimbo is drawn near the hole, horny begging come from inside.[/b][/i][/color]

(No scat, piss, or gore please! Happy to service cocks of any race and gender! :)
[2024-01-06 20:23:25.197233] Cindy The Bimbi: no I haven't. :(
[2024-01-06 20:39:43.692669] Cindy The Bimbi: tt
[2024-01-06 21:00:30.063669] Cindy The Bimbi: wrong.
[2024-01-08 20:11:27.714107] Cindy The Bimbi: !get_booths
[2024-01-08 20:17:17.533002] Cindy The Bimbi: !enter_booth 2
[2024-01-08 20:17:29.756877] Cindy The Bimbi: !set_description [color=pink][i][b]A well-kept gloryhole in the back on a busy tavern bathroom, an crude image of a smiling bimbo is drawn near the hole, horny begging come from inside.[/b][/i][/color]

(No scat, piss, or gore please! Happy to service cocks of any race and gender! :)
[2024-01-08 20:42:14.556764] Cindy The Bimbi: !get_booths
[2024-01-08 21:34:28.810520] Cindy The Bimbi: tt
[2024-01-08 21:37:10.903626] Cindy The Bimbi: nuh uh
[2024-01-08 21:55:57.843701] Cindy The Bimbi: nuh uh
[2024-01-08 22:24:39.683029] Cindy The Bimbi: nuh uh.
[2024-01-08 22:35:22.297336] Cindy The Bimbi: nope.
[2024-01-08 22:46:04.004285] Cindy The Bimbi: nuh uh.
[2024-01-08 22:52:08.980542] Cindy The Bimbi: !leave_booth
[2024-01-10 05:40:44.570862] Cindy The Bimbi: !get_booths
[2024-01-10 05:41:04.915050] Cindy The Bimbi: !enter_booth 2
[2024-01-10 05:41:06.063440] Cindy The Bimbi: !set_description [color=pink][i][b]A well-kept gloryhole in the back on a busy tavern bathroom, an crude image of a smiling bimbo is drawn near the hole, horny begging come from inside.[/b][/i][/color]

(No scat, piss, or gore please! Happy to service cocks of any race and gender! :)
[2024-01-10 06:02:42.481000] Cindy The Bimbi: !leave_booth
[2024-01-12 18:20:13.761331] Cindy The Bimbi: !get_booths
[2024-01-12 18:20:19.125257] Cindy The Bimbi: !enter_booth 1
[2024-01-12 18:20:49.857568] Cindy The Bimbi: !set_description [color=pink][i][b]A well-kept gloryhole in the back on a busy tavern bathroom, an crude image of a smiling bimbo is drawn near the hole, horny begging come from inside.[/b][/i][/color]

(No scat, piss, or gore please! Happy to service cocks of any race and gender! :)
[2024-01-12 19:02:10.927436] Cindy The Bimbi: !get_booths
