[2023-12-19 07:11:17.051592] Claire Ardinette: !help
[2023-12-19 07:11:31.412012] Claire Ardinette: !list_gloryholes
[2023-12-19 07:11:56.082071] Claire Ardinette: !fuck_gloryhole
[2023-12-19 07:13:09.690623] Claire Ardinette: !list_gloryholes
[2023-12-19 07:14:29.254721] Claire Ardinette: !fuck_gloryhole 0PBSL
[2023-12-19 07:16:01.571980] Claire Ardinette: !exit_gloryhole 0PBSL
[2023-12-19 08:42:19.192162] Claire Ardinette: !fuck_gloryhole G9L09
[2023-12-19 08:43:59.826229] Claire Ardinette: /me Would shyly approach the gloryhole, having been the first time she'd used one in this particular room. Unsure what to expect, and more than a little eager for whatever pleasures were promised on the other side. she'd unzip her pants. Slowly feeding a flacid, pale prick into the hole for whoever occupied that particular space. She also, out of curtesy, gave a gentle 'knock knock' on the stall wall to notify her anonymous benefactor of her arrival.
[2023-12-19 08:50:26.323502] Claire Ardinette: !fuck S1OVD
[2023-12-19 08:50:34.365041] Claire Ardinette: !fuck_gloryhole S1OVD
[2023-12-19 08:52:33.855093] Claire Ardinette: /me Would shyly approach the gloryhole, having been the first time she'd used one in this particular room. Unsure what to expect, and more than a little eager for whatever pleasures were promised on the other side. she'd unzip her pants. Slowly feeding a flacid, pale prick into the hole where the lipstick clad darling waited for her. She had read the instructions, and was eager to aid in this particular task. When the shemale felt her prick gently rest onto the tongue of the mysterious benefactor, she'd moan gently. "Fuck.." Was the first word to leave her own lipstick clad lips. She leaned her head against the stall wall, and thrust her hips forward. Finishing the act of feeding the individual on the other side. Leaving them with the task of hardening that she-pole.
[2024-01-06 07:32:06.489154] Claire Ardinette: !get_booths
[2024-01-06 09:16:02.967008] Claire Ardinette: !get_booths
[2024-01-07 05:44:11.156455] Claire Ardinette: !get_booths
[2024-01-07 06:41:05.463562] Claire Ardinette: !get_booths
[2024-01-09 06:04:04.710573] Claire Ardinette: !get_booths
[2024-01-09 06:06:42.790302] Claire Ardinette: !get_booths
[2024-01-09 06:10:09.949150] Claire Ardinette: !get_booths
[2024-01-09 06:14:39.511567] Claire Ardinette: !get_booths
[2024-01-09 06:28:49.083592] Claire Ardinette: !get_booths
[2024-01-12 08:44:40.294501] Claire Ardinette: !get_booths
[2024-01-12 09:05:32.033962] Claire Ardinette: !get_booths
[2024-01-12 22:28:39.960529] Claire Ardinette: !get_booths
[2024-01-12 23:52:05.607075] Claire Ardinette: !get_booths
[2024-01-14 09:20:53.510304] Claire Ardinette: !get_booths
[2024-01-20 23:35:24.059526] Claire Ardinette: !get_booths
