[2024-01-01 20:35:32.951489] Denarii: !intro
[2024-01-02 04:47:50.585648] Denarii: !get_gloryholes
[2024-01-02 04:49:07.258237] Denarii: !get_booths
[2024-01-02 04:49:40.943195] Denarii: !enter_booth 2
[2024-01-02 04:50:34.494668] Denarii: !set_description The softest tits, a perfect ass, or the tightest pussy? Whatever you want, you'll get~
[2024-01-02 05:22:46.433164] Denarii: !leave_booth
[2024-01-02 05:22:52.390634] Denarii: !enter_booth 1
[2024-01-02 05:23:01.168028] Denarii: !set_description The softest tits, a perfect ass, or the tightest pussy? Whatever you want, you'll get~
[2024-01-06 16:20:48.791585] Denarii: !help
[2024-01-06 16:20:56.800494] Denarii: !get_booths
[2024-01-06 17:39:40.707181] Denarii: !enter_booth 3
[2024-01-06 17:39:48.792319] Denarii: !get_booths
[2024-01-06 17:41:13.461191] Denarii: !enter_booth 4
[2024-01-06 17:42:52.858086] Denarii: !set_description Want a warm, slick throat? Or maybe a pair of perfect, massive tits? Maybe that's not enough, and you need to creampie the tightest holes you've ever felt. Whatever you want, it's ready and waiting for you.
[2024-01-06 18:26:48.496612] Denarii: /me is waiting quietly on the other side, eyes on the hole in the wall.
[2024-01-06 18:37:18.909533] Denarii: /me is waiting, but there's a soft giggle from the other side as someone slides through the hole into her stall. She hasn't heard the man speak on the other side of the wall yet, she she's not sure what he's after. That doesn't stop her from taking that length in a hand, beginning a slow, teasing motion just to start to process of working up the new taker as she's a bit excited to see just how large he's going to get. Her hands are [b]warm[/b], smooth and gentle, but it's not skin...scales, maybe? If she's got scales, they're the smoothest, finest scales the man's ever felt. "Ooh, I was wondering when someone would give me something to play with. So, what're you after, cutie? Mouth, tits...maybe even my ass? Can't leave until you're happy, after all~"
[2024-01-06 18:50:02.215164] Denarii: /me slowly strokes along that cock, watching it grow, feeling it get thicker and longer in her hands, and grinning as it swells all the way up to a full, impressive size. Her hands are slick with the precum, but the last inch is teased out as a warm, lingering [b]kiss[/b] on the underside of his cock is held for a few seconds. "Well, look at [b]you.[/b] I don't think the whole thing would even fit in my pussy...but if you want to try, I'm not going to stop you. Whatever you want, big guy. No matter what you pick..." There's a sudden heat around his cock as the sensation gives away what she might be a little more, her mouth taking the first half of his cock in with a smooth motion. Not a human, that's for sure, and it doesn't feel like she's got fur...but she pulls back with a warm pop, leaving his cock slick, hot, and ready for whatever he picks. "...you're gonna get milked totally dry."
[2024-01-06 19:02:49.111090] Denarii: /me strokes from base to tip of that cock, but it's not a hand - it's a [b]tail[/b], a smooth scaled tail that's nearly prehensile in the way it coils around that massive cock. Every inch gets slowly coiled up in the woman's tail, leaving a constant but teasing pleasant sensation all the way along. "Like I said, I'm here for you, cutie. You pick what you want, then I make you feel absolutely [b]incredible[/b]." The woman's voice is light and teasing, but he can tell there's desire laced in it from the way her tongue flicks out to lick little dips of precum from the tip of his cock. Whatever or whoever she is, there's no way it's her first time working a cock of this size or shape purely from how well her tail coils around and under those soft barbs.
[2024-01-06 19:13:21.518142] Denarii: /me leaves a warm little kiss on the tip of his cock, and then he feels her slip away from it completely. For just a moment, he's left without touch, aching and waiting against the air, but after a few seconds of movement on the other side, there's a wet, soft sensation against the tip of his cock. Whoever's on the other side if [b]curvy[/b], because he can feel the plush sensation of her ass as she spreads herself a bit, soft curves lining up slowly, and the tip of his cock is suddenly being pressed into something outrageously, incredibly tight. Wetness coats his length [b]instantly[/b], as the woman on the other side is absolutely drenched, and if it wasn't for how slick and soaked his cock is, it might not even fit inside of her. The tip [b]pops[/b] into her pussy, and the sheer, raw tightness of just that almost feels like he's going to get pushed out of her. "Mmnnghh...better told on tight, big guy. Gonna be a [b]really[/b] tight fit~"
[2024-01-06 19:25:42.415242] Denarii: /me slowly sways her hips, moving almost as if she's dancing, and using the motions to slowly slip more and more of his cock into her pussy. If he didn't know better from her motion, she'd feel almost virginally tight around his cock. The wetness is letting him slip deeper, and deeper, her tightness around his cock the perfect amount of pleasure and pressure to let those soft barbs fit her pussy's shape. "Don't give in too quick, now. I mean, you're [b]going[/b] to creampie me, but you've gotta hold out a little, y'know~?" She slides a bit of his cock out, then presses down again, shaping herself and rubbing his length deeper into that obscenely wet pussy. The wetness drips all the way dow his cock, even soaking his balls and running down the wall from the almost unnaturally wet grip she's got around him. She's speeding up a little to fit more and more into herself, and she's only got about half in with more to go.
[2024-01-06 19:43:00.126515] Denarii: /me only speeds up, loving the sensation of getting [b]filled[/b] by the man on the other side of the wall. More and more of his cock is buried, [b]filling[/b] her entirely and suddenly bottoming out completely. She was right, he can't fit every inch, but there's ten full inches completely and totally [b]stuffed[/b] into her, and getting ridden and bounced on through the hole in the wall. He can finally see some of her, at least, her ass shown off through the wall, and there's...scales! Deep, purple-blue scales that are incredibly smooth and fine, a wonderfully soft ass shown off and bouncing, the woman on the other side a curvy, [b]soft[/b] body that's riding his cock as hard as she can through the wall. Every thrust back makes a loud, wet [b]squelch[/b] that echoes through the room he's in, and her own happy moans are mixed in with the wet noises. "Haahhnn...fuck, you're...you're real...really big!"
[2024-01-06 20:00:52.712875] Denarii: /me lets him hit as deep as she can take him without pain, her motions gripping and squeezing his cock perfectly in a way that absolutely [b]soaks[/b] the wall between them. There's a full, slick puddle of mixed wetness on the ground between his legs now, just from how drenched she is, and those expert motions as trying to draw out a hard, [b]rough[/b] orgasm from the man. Her moans are a happy, warm noise that's almost drowned out from noises coming from in between her legs. "C'mon...You're get...get...getting close, I can ffffffeel it!" Even her words are coming out broken from the voice catching in her throat, trying to hold off her own orgasm until she feels that sheer, raw cum release into her and [b]begging[/b] for him to finish from the way she's moving and riding that barbed, wonderful cock.
[2024-01-06 20:29:19.681646] Denarii: /me doesn't stop for even a second, making sure that every drop that she can possibly drain from the man is completely and totally [b]milked[/b] from his cock. Her pussy grips him without her even thinking about it, getting tighter at the base and [b]rolling[/b] the muscles of her pussy to the tip of his cock. She forcibly [b]milks[/b] the cum from his length, drawing out his orgasm into a long, heavy deluge of pleasure and not letting it stop until she's ready for it to. She's bottomed him out inside of her pussy, letting him press every inch she can take, just holding it inside of her as the pleasure washes over him again and again.

Her own orgasm hits unbelievably [b]hard[/b], squirting and soaking his cock with the mixed wetness of her pussy and his own heavy, potent cum. The little barbs and bristles of his cock are hitting those sensitive spots even harder than before from the raw tightness of it all, and her moans nearly [b]explode[/b] out of the stall she's in, pleasure given and take through the hole in the wall. The wall thumps and creaks from the impacts, her soft, plush ass letting her hit back harder and endure the impact from the rutting he's giving her. By the time her own climax finally even starts to subside, it's been a solid minute of her actively milking the man completely and totally dry.
[2024-01-06 20:41:22.402331] Denarii: /me slowly pulls herself off of the long, thick cock, letting it finally [b]pop[/b] free with an audible, wet noise. She's made sure that there's not a single drop of cum he could give, having drained his balls completely and totally dry. "Mmnnngh...how're you...feeling, big guy~?" Her voice is still teasing and hot, but there's a happy, satiated voice from her lips. "If...if you wanna meet sometime...outside the holes...slip me your number. Unless...you wanna keep the mystery alive~"
[2024-01-06 20:44:05.878866] Denarii: !leave_booth
[2024-01-07 16:01:43.877478] Denarii: !get_booths
[2024-01-08 19:24:53.099854] Denarii: !get_booths
[2024-01-08 23:02:57.687852] Denarii: !get_booths
[2024-01-09 19:05:43.192198] Denarii: !get_booths
[2024-01-09 19:05:48.549508] Denarii: !enter_booth 1
[2024-01-09 19:06:47.122840] Denarii: !set_description In the mood for the tightest holes you've ever felt? Or maybe the softest breasts? Or maybe you just want to grind against the most plush ass imaginable? Better hurry before someone else gets your turn~
[2024-01-09 19:24:09.312468] Denarii: !leave_booth
[2024-01-12 16:50:21.867725] Denarii: !get_booths
[2024-01-12 16:50:27.673796] Denarii: !enter_booth 1
[2024-01-12 16:51:00.821511] Denarii: !set_description In the mood for something outrageously tight and wet? Better hurry up and let me know what you want, before someone else gets there first~
[2024-01-12 17:41:23.368326] Denarii: I'm here
[2024-01-12 17:58:27.111394] Denarii: !leave_booth
[2024-01-16 00:32:20.689201] Denarii: !get_booths
[2024-01-16 17:16:17.659797] Denarii: !get_booths
[2024-01-16 17:16:25.357912] Denarii: !enter_booth 1
[2024-01-16 17:17:58.612066] Denarii: !set_description In the mood for a warm, needy mouth? Maybe you need the softest titfuck you've ever had? You might even want to give someone a raw creampie, or slip into someone's perfect, plush ass. Whatever you're in the mood for, better hurry before someone else takes it first~
[2024-01-16 18:58:52.806471] Denarii: !exit_booth
[2024-01-16 18:58:56.302255] Denarii: !leave_booth
[2024-01-19 19:43:39.925962] Denarii: !get_booths
[2024-01-21 05:08:16.485339] Denarii: !get_booths
[2024-01-21 05:08:30.709916] Denarii: !enter_booth 1
[2024-01-21 05:08:32.413370] Denarii: !set_description In the mood for a warm, needy mouth? Maybe you need the softest titfuck you've ever had? You might even want to give someone a raw creampie, or slip into someone's perfect, plush ass. Whatever you're in the mood for, better hurry before someone else takes it first~
[2024-01-21 06:46:36.531084] Denarii: !leave_booth
