[2024-01-14 18:58:48.354933] Dylan Sinclair: !get_booths
[2024-01-14 19:09:28.384112] Dylan Sinclair: !intro
[2024-01-14 19:34:24.359509] Dylan Sinclair: !enter_booth 1
[2024-01-14 19:34:27.175420] Dylan Sinclair: !set_description For as long as anyone could remember the sex shop had always had a cozy little booth in the back of the store where one could enjoy a new purchase in privacy. More recently a new addition has appeared in one of the side walls. A small plastic rectangle was mounted about waist height from the floor, and when slid to one side it revealed a circular hole padded with duct tape. It had apparently already seen some use, as things like "SUCK SLUT", "5/5 SUCK" and "CUM DUMP" were scrawled around it. If one were to slide it open now they would be met with a soft light and the distinct smell of floral perfume wafting in from the other side. (( Cock worship, face fucking and anal! All shapes and sized welcome! ))
[2024-01-14 19:34:31.446824] Dylan Sinclair: !get_booths
[2024-01-14 19:51:35.739422] Dylan Sinclair: !get_booths
[2024-01-14 20:19:20.518426] Dylan Sinclair: !get_booths
[2024-01-14 21:09:44.315435] Dylan Sinclair: !get_booths
[2024-01-14 21:48:21.639384] Dylan Sinclair: !get_booths
[2024-01-14 22:02:28.395133] Dylan Sinclair: !leave_booth
[2024-01-15 00:12:28.933899] Dylan Sinclair: !get_booths
[2024-01-15 00:12:44.120659] Dylan Sinclair: !enter_booth 2
[2024-01-15 00:12:50.304667] Dylan Sinclair: !set_description For as long as anyone could remember the sex shop had always had a cozy little booth in the back of the store where one could enjoy a new purchase in privacy. More recently a new addition has appeared in one of the side walls. A small plastic rectangle was mounted about waist height from the floor, and when slid to one side it revealed a circular hole padded with duct tape. It had apparently already seen some use, as things like "SUCK SLUT", "5/5 SUCK" and "CUM DUMP" were scrawled around it. If one were to slide it open now they would be met with a soft light and the distinct smell of floral perfume wafting in from the other side. (( Cock worship, face fucking and anal! All shapes and sizes welcome! ))
[2024-01-15 00:13:34.345423] Dylan Sinclair: !get_booth
[2024-01-15 00:13:35.962792] Dylan Sinclair: s!get_booth
[2024-01-15 00:13:39.897537] Dylan Sinclair: !get_booths
[2024-01-15 00:37:37.612801] Dylan Sinclair: !get_booths
[2024-01-15 00:57:13.103958] Dylan Sinclair: !get_booths
[2024-01-15 01:09:16.658354] Dylan Sinclair: !get_booths
[2024-01-15 02:00:35.931290] Dylan Sinclair: !get_booths
[2024-01-15 02:12:38.570743] Dylan Sinclair: !get_booths
[2024-01-15 02:41:02.868508] Dylan Sinclair: !leave_booth
[2024-01-15 17:11:30.073536] Dylan Sinclair: !get_booths
[2024-01-15 23:05:42.257190] Dylan Sinclair: !enter_booth 1
[2024-01-15 23:05:49.746660] Dylan Sinclair: !get_booths
[2024-01-15 23:10:16.176191] Dylan Sinclair: !get_booths
[2024-01-16 01:24:32.583999] Dylan Sinclair: !get_booths
[2024-01-16 01:25:46.775016] Dylan Sinclair: !intro
[2024-01-16 01:40:08.418250] Dylan Sinclair: !get_booths
[2024-01-16 01:46:15.702803] Dylan Sinclair: !get_booths
[2024-01-16 03:04:33.047613] Dylan Sinclair: !leaderboard
[2024-01-16 14:49:42.475663] Dylan Sinclair: !get_booths
[2024-01-20 05:12:54.105698] Dylan Sinclair: !get_booths
[2024-01-20 05:13:01.780276] Dylan Sinclair: !enter_booth 1
[2024-01-21 04:25:38.715413] Dylan Sinclair: !get_booths
[2024-01-21 04:25:43.336084] Dylan Sinclair: !enter_booth 1
[2024-01-21 04:26:23.643923] Dylan Sinclair: !set_description For as long as anyone could remember the sex shop had always had a cozy little booth in the back of the store where one could enjoy a new purchase in privacy. More recently a new addition has appeared in one of the side walls. A small plastic rectangle was mounted about waist height from the floor, and when slid to one side it revealed a circular hole padded with duct tape. If one were to slide it open now they would be met with a soft light and the distinct smell of floral perfume wafting in from the other side.
