[2024-01-06 04:30:27.389551] Hestia boreal: !intro
[2024-01-06 04:32:11.038221] Hestia boreal: !get_booths
[2024-01-06 04:33:48.206505] Hestia boreal: !enter_booth3
[2024-01-06 04:34:02.029928] Hestia boreal: !enter_booth 3
[2024-01-06 04:39:22.119497] Hestia boreal: !set_description As you come up to the strange black door the sounds of the club dull behind you the flashing lights even dimming. On the other side is quite the sight. The centerpiece of the room is a black box. Out the back  a pair of creamy hips and a slappable ass hangs out with a cock twitching with pre. Up at the top lies a cushioned hole plenty big enough for any size. Yet just beyond it is a table holding almost anything anyone might want or need. Countless toys of all kinds, lubes, and even condoms.
[2024-01-06 04:39:46.814633] Hestia boreal: !set_customers 2
[2024-01-06 04:41:11.746467] Hestia boreal: /me A few needy whines could be heard escaping.
[2024-01-06 04:46:31.093893] Hestia boreal: !gloryholes
[2024-01-06 04:46:56.837612] Hestia boreal: !get_gloryholes
[2024-01-06 04:51:13.494068] Hestia boreal: !set_customers 2
[2024-01-06 05:21:32.895275] Hestia boreal: !set_description As you come up to the strange black door the sounds of the club dull behind you the flashing lights even dimming. On the other side is quite the sight. The centerpiece of the room is a black box. Out the back  a pair of creamy hips and a slappable ass with a nice scarlet red tail perfect for yanking hangs out with a cock twitching with pre. Up at the front lies a cushioned hole plenty big enough for any size. Yet just beyond it is a table holding almost anything anyone might want or need. Countless toys of all kinds, lubes, and even condoms.
[2024-01-06 05:29:14.552339] Hestia boreal: !set_description As you come up to the strange black door the sounds of the club dull behind you the flashing lights even dimming. On the other side is quite the sight. The centerpiece of the room is a black box. Out the back  a pair of creamy hips and a slappable ass with a nice scarlet red tail perfect for yanking hangs out with a cock twitching with pre. Up at the front lies a cushioned hole plenty big enough for any size. Yet just beyond it is a table holding almost anything anyone might want or need. Countless toys of all kinds, lubes, and even condoms.

Feel free to scribble whatever you like on the box of their skin. [sub][color=red]not like they can stop it~[/color][/sub]
[2024-01-06 16:59:50.287141] Hestia boreal: !get_booths
[2024-01-06 17:00:10.390683] Hestia boreal: !enter_booth 3
[2024-01-06 17:01:07.927715] Hestia boreal: !set_description As you come up to the strange black door the sounds of the club dull behind you the flashing lights even dimming. On the other side is quite the sight. The centerpiece of the room is a black box. Out the back  a pair of creamy hips and a slappable ass with a nice scarlet red tail perfect for yanking hangs out with a cock twitching with pre. Up at the front lies a cushioned hole plenty big enough for any size. Yet just beyond it is a table holding almost anything anyone might want or need. Countless toys of all kinds, lubes, and even condoms.
[2024-01-06 17:51:21.459309] Hestia boreal: Reallyyyy
[2024-01-06 20:08:01.422541] Hestia boreal: Ah-!
[2024-01-06 20:08:38.848052] Hestia boreal: !get_booths
[2024-01-06 20:09:15.887255] Hestia boreal: !enter_booth 3
[2024-01-06 20:09:40.870691] Hestia boreal: !set_description As you come up to the strange black door the sounds of the club dull behind you the flashing lights even dimming. On the other side is quite the sight. The centerpiece of the room is a black box. Out the back  a pair of creamy hips and a slappable ass with a nice scarlet red tail perfect for yanking hangs out with a cock twitching with pre. Up at the front lies a cushioned hole plenty big enough for any size. Yet just beyond it is a table holding almost anything anyone might want or need. Countless toys of all kinds, lubes, and even condoms.

Feel free to scribble whatever you like on the box of their skin. [sub][color=red]not like they can stop it~[/color][/sub]
[2024-01-06 20:10:29.591894] Hestia boreal: !set_customer 2
[2024-01-07 01:33:21.296883] Hestia boreal: !get_booths
[2024-01-07 01:33:36.961998] Hestia boreal: !enter_booth 2
[2024-01-07 01:33:53.277837] Hestia boreal: !set_description As you come up to the strange black door the sounds of the club dull behind you the flashing lights even dimming. On the other side is quite the sight. The centerpiece of the room is a black box. Out the back  a pair of creamy hips and a slappable ass with a nice scarlet red tail perfect for yanking hangs out with a cock twitching with pre. Up at the front lies a cushioned hole plenty big enough for any size. Yet just beyond it is a table holding almost anything anyone might want or need. Countless toys of all kinds, lubes, and even condoms.

Feel free to scribble whatever you like on the box of their skin. [sub][color=red]not like they can stop it~[/color][/sub]
[2024-01-07 01:34:06.964259] Hestia boreal: !set_customer 2
[2024-01-14 21:46:58.990138] Hestia boreal: !intro
[2024-01-14 21:47:19.571231] Hestia boreal: !get_booths
[2024-01-14 21:47:38.111544] Hestia boreal: !enter_booth 2
[2024-01-14 21:48:23.013688] Hestia boreal: !set_customers 2
[2024-01-14 21:48:51.645982] Hestia boreal: !set_customers 2
[2024-01-14 21:55:14.604929] Hestia boreal: !set_description As you come up on the hole in the wall building you had heard quite a lot about from a few friends. It seemed to be a surprisingly clean gas station? Though there was definitely something off. The inside was abandoned yet here and there a few holes had been made. Here was something real interesting. If you approached from outside youd see one of those boxes extended out hiding the identity of whoever was in there yet a plush wide hole for about any sized cock. On the inside though anyone would get a nice view. A plump ass and nice creamy hips sticking out. A almost scarlet tail as well perfect for a handle bar. The cutie had clearly just gotten there as well. Lubed ass winking up at whoever approached cock twitching and leaking pre hugged between his thighs.
[2024-01-16 03:46:04.056397] Hestia boreal: !get_booths
[2024-01-16 03:46:24.178223] Hestia boreal: !enter_booth 2
[2024-01-16 03:46:40.067429] Hestia boreal: !set_description As you come up on the hole in the wall building you had heard quite a lot about from a few friends. It seemed to be a surprisingly clean gas station? Though there was definitely something off. The inside was abandoned yet here and there a few holes had been made. Here was something real interesting. If you approached from outside youd see one of those boxes extended out hiding the identity of whoever was in there yet a plush wide hole for about any sized cock. On the inside though anyone would get a nice view. A plump ass and nice creamy hips sticking out. A almost scarlet tail as well perfect for a handle bar. The cutie had clearly just gotten there as well. Lubed ass winking up at whoever approached cock twitching and leaking pre hugged between his thighs.
[2024-01-16 03:46:54.537504] Hestia boreal: set_customers
[2024-01-16 03:47:07.419524] Hestia boreal: !set_customers 2
[2024-01-16 03:56:55.082269] Hestia boreal: !get_gloryholes
[2024-01-17 04:19:27.853365] Hestia boreal: !show_booths
[2024-01-17 04:19:47.922967] Hestia boreal: !get_booths
[2024-01-17 04:20:02.514882] Hestia boreal: !enter_booth 1
[2024-01-17 04:20:17.248480] Hestia boreal: !set_description As you come up on the hole in the wall building you had heard quite a lot about from a few friends. It seemed to be a surprisingly clean gas station? Though there was definitely something off. The inside was abandoned yet here and there a few holes had been made. Here was something real interesting. If you approached from outside youd see one of those boxes extended out hiding the identity of whoever was in there yet a plush wide hole for about any sized cock. On the inside though anyone would get a nice view. A plump ass and nice creamy hips sticking out. A almost scarlet tail as well perfect for a handle bar. The cutie had clearly just gotten there as well. Lubed ass winking up at whoever approached cock twitching and leaking pre hugged between his thighs.
[2024-01-17 04:20:38.800653] Hestia boreal: !set_customers 2
[2024-01-17 20:46:01.597401] Hestia boreal: !get_booths
[2024-01-17 20:46:13.673952] Hestia boreal: !enter_booth 1
[2024-01-17 20:46:30.462309] Hestia boreal: !set_customers 2
[2024-01-17 20:46:52.629082] Hestia boreal: !set_description As you come up on the hole in the wall building you had heard quite a lot about from a few friends. It seemed to be a surprisingly clean gas station? Though there was definitely something off. The inside was abandoned yet here and there a few holes had been made. Here was something real interesting. If you approached from outside youd see one of those boxes extended out hiding the identity of whoever was in there yet a plush wide hole for about any sized cock. On the inside though anyone would get a nice view. A plump ass and nice creamy hips sticking out. A almost scarlet tail as well perfect for a handle bar. The cutie had clearly just gotten there as well. Lubed ass winking up at whoever approached cock twitching and leaking pre hugged between his thighs.
