[2024-01-02 01:15:58.742339] InCase of Horny: !intro
[2024-01-02 01:19:26.552491] InCase of Horny: !get_booths
[2024-01-02 01:20:22.458043] InCase of Horny: !enter_booth 3
[2024-01-02 01:23:14.648425] InCase of Horny: !set_description A clean and wet cut hole is noticeable at waist height before you, wide enough to accommodate anything up to equine. Three images are engraved into the wall around the opening: An erect penis, a urinal, and a toilet.
[2024-01-02 01:23:25.045697] InCase of Horny: !get_booths
[2024-01-02 01:23:38.432245] InCase of Horny: !set_description A clean and well cut hole is noticeable at waist height before you, wide enough to accommodate anything up to equine. Three images are engraved into the wall around the opening: An erect penis, a urinal, and a toilet.
[2024-01-02 01:23:47.259582] InCase of Horny: !get_booths
[2024-01-02 01:26:37.275589] InCase of Horny: /me freshens up their lip gloss
[2024-01-02 01:28:24.917125] InCase of Horny: Ok
[2024-01-02 01:42:42.832256] InCase of Horny: !leave_booth
[2024-01-02 02:01:18.316351] InCase of Horny: !get_gloryholes
[2024-01-02 02:01:27.142248] InCase of Horny: !get_booths
[2024-01-02 02:03:56.904270] InCase of Horny: !enter_booth 3
[2024-01-02 02:05:24.658571] InCase of Horny: !set_description A soft light emanates from a generously sized hole in the wall.
[2024-01-02 02:09:24.440350] InCase of Horny: !get_booths
[2024-01-02 02:29:30.870499] InCase of Horny: /me rolls on a fresh layer of lip gloss
[2024-01-02 02:32:43.150830] InCase of Horny: /me feels a little flush of excitement as the soft member is guided through the hole to dangle before her. "Not at all..." she responds in a soft, feminine voice. Just then a soft, warm set of lips could be felt pressing down gently against the top of that flaccid shaft in a lingering kiss. "Mmm..." she hummed, moving her lips up and down along the pleasantly thick meat in a series of doting kisses
[2024-01-02 02:40:25.857475] InCase of Horny: /me pauses in her efforts to kiss his manhood as he begins to sway it side to side, opting instead to lightly nuzzle her lips, nose and cheeks against his gradually stiffening length. "Mmm, okay..." she responds in a low whisper, placing another warm kiss against the side of his shaft before rocking back onto her heels and simply watching his phallus twitch and flex in the air as it grows harder. After a moment she curls the fingers of her left hand around his dick very lightly and begins to stroke her hand up and down slowly, encouraging it to grow fatter and harder. "I don't think that you have to worry about that though, just relax and enjoy yourself..." she replied in a sweet tone, giggling playfully as she watches his cock grow between her fingers.
[2024-01-02 02:49:07.241870] InCase of Horny: /me keeps her grip very light around his manhood as it grows, only snugging her fingers around his meat once it reaches its full stiffness. "Good" she whispers in a satisfied, pleasant voice. Her soft hand continues to stroke up and down over his turgid length for a long moment after it reaches full mast, simply letting herself enjoy how hard and warm it feels between her fingers. Suddenly her pumping fist slows to a halt around the lowest inches of his shaft, and without warning a warm and wet mouth closes right around his swollen tip. "Mmm..." she moaned sensually into his manhood as she begins to slowly massage her soft, glossed lips back and forth over his smooth cock head. Her tongue gently lapping against the very tip as she focuses her attention on that spongy crown.
[2024-01-02 02:58:40.719053] InCase of Horny: /me suckles tightly around the plump, spongy tip of his cock, rubbing her lips back and forth over the sensitive tissue. "Mmmm..." she moans again, a little more passionately this time as she senses and feels his energy coming through his eager sounding voice. Her wet, slippery muscle begins to wiggle and swirl more frantically around his head, mostly flicking over the very tip but paying almost as much attention to the underside of his glans. For the briefest moment her lips slide free of his crown, only for her to loose a glob of drool onto the top of his hard shaft before gliding her lips right back down around his tip and suckling on it again. Her fingers relax their grip around his shaft, sliding upward and closing snugly around it with the glob of spit under her palm. Still suckling and slobbering on his head, she begins to slowly work her saliva all over his shaft with her stroking hand.
[2024-01-02 03:09:42.430495] InCase of Horny: /me coats her fingers and his turgid meat in her warm saliva, pumping his manhood faster and faster with the benefit of the self made lube. "Mmph!" she moaned excitedly as she felt and tasted his thin, strongly flavored preseed leaking across the surface of her tongue. Her full, glossy lips suckle a little more tightly around his bulbous crown before she gulps down the mixture of drool and pre accumulating in her mouth before pulling her mouth free just long enough to hastily whisper "Don't worry, just let it out" in a warm, reassuring voice before pushing her mouth right back down over the head of his hard dick. Her hand was soon a blur as it worked back and forth over his stiff meat, filling the air with wet noises from the copious drool. All while the tip of her tongue flicked and lapped eagerly against his frenulum and the opening of his urethra.
[2024-01-02 03:23:35.441463] InCase of Horny: /me kept on working the sensitive tip of his manhood with her slippery tongue and soft, warm lips while her snug fist jerked steadily over his engorged meat. She didn't let up at all until she felt him pushing his hips into the wall, feeding her as much of himself as he could while his voice and body language betrayed the closeness of his release. As soon as she sensed his release she let go of his shaft and plunged her warm, wet mouth right down around his maleness, allowing him to thrust through his climax as thick, salty ropes of sperm jetted into the back of her mouth. Her eyes widened in surprise at the volume of cum that he was able to produce in such a short time, and she was just barely able to gulp it all down while only allowing a small bead to ooze past the corner of her lips. And yet he kept on shooting his seed into her mouth, flooding it again and again with his hot ropes. And the woman gladly gulped it all down while bobbing her head back and forth in opposite rhythm to his rocking hips. Milking every last drop that she could get from the seemingly very pent up male.
[2024-01-02 03:31:23.233569] InCase of Horny: /me swallows down the last of his rich, creamy load before following it up with a long, sweet moan around his spent manhood. Her lips glide down over his shaft, taking even more of it into her mouth's warm embrace until her nose is nearly touching the wall but when she feels the sudden jolt of his body stumbling and quickly retreats. "Mmmm... Ahh.." she sighs contentedly, placing one last gentle kiss on the side of his spit-slicked shaft before sitting back on her heels. She couldn't help but grin to herself at the sight of his dick all covered in her glistening saliva. "Are you okay?" she calls through the wall, barely stifling a giggle.
[2024-01-02 03:38:10.173907] InCase of Horny: /me laughs openly in a sweet tone at the sound of youthful nerves in his voice. "Yeah, I think I'll be okay" she chimes. "I've got a nice protein boost now" she adds trailed by another lighthearted giggle. "You probably need to chug some water after losing so much fluid..." she teased, reaching forward to gentle curl the fingers of her left hand around his now softer erection. Her warm palm presses against the underbelly of his manhood while her delicate fingers wrap around the top of his shaft. Slowly, she strokes him back and forth while careful not to overly stimulate the sensitive tip while it recovers.
[2024-01-02 03:44:30.443576] InCase of Horny: /me releases her grip and lets her fingers softly trail away from his cock as she feels him shuddering on the other side. Her fingertip touch down very lightly on the top of his shaft, giving it a single slow stroke as though she were petting it before pulling her hand away. "I quite enjoyed that a lot. Feel free to come back anytime" she said in a cheerful voice. Suddenly she remembered the glob of cum that had leaked from the corner of her lips. Touching a finger to it, she carefully collected it from her cheek and chin then started to rub it between her fingertips. "You must have been really pent up... Your cum is super thick..." she said in a whispered voice while she inspected the pearly white sperm.
[2024-01-02 03:47:42.353488] InCase of Horny: /me laughs softly. "Take care!"
[2024-01-02 03:53:26.843108] InCase of Horny: /me blinks as she sees a shadow crossing the other side of the hole
[2024-01-02 03:56:58.342430] InCase of Horny: !get_booths
[2024-01-02 04:04:41.242276] InCase of Horny: /me was already on her knees eagerly awaiting another visitor, but she couldn't have anticipated the heavy bull dick that carefully eased its way into her space along with an equally impressive looking pair of balls. "Oh my..." she uttered to herself as she watched it twitch and dangle in front of her, already half chubbed. "That's very kind of you!" she chimed in an eager voice, giggling excitedly as she watched that massive thing throb. Carefully wrapping all ten of her dainty digits around that fat log, she hefted it up into the air and lowered her mouth toward that low hanging sack. "Mmmph..." she moaned into his wrinkled flesh as she pushed her warm mouth up into his sack, spreading her lips apart and latching them around one of his heavy nuts. Her tongue stroked across the curve of his ball while she suckled on it, while both of her hands began to slowly pump his length in the air above her head.
[2024-01-02 04:17:25.833297] InCase of Horny: /me practically made out with that hefty, round nut and the coarse, leathery flesh that encased it. Her Human mouth was no match for such an enormous orb, but she didn't let that stop her from lavishing sloppy, warm affection all over it. "Mmph.." she moaned as she rubbed her wet lips and tongue all around it, sucking on it in sections to compensate for her inability to draw the whole thing into her mouth at once. And when that nut had been properly sucked off, she turned her attention on the sack itself, slurping it into her mouth and suckling the sweat off of it before giving the opposite ball plenty of affection. All while her soft, warm fingers rubbed all over his hulking beef stick. Coaxing it to life with slow, caressing motions. While she couldn't see his immense girth with so much sack stuffed into her face, she could trace the plump veins along his length with her fingertips and feel a flush of heat running through her body as she explored his huge, virile tool.
[2024-01-02 04:32:41.706470] InCase of Horny: /me opened her wide wide and extended her tongue past her lips, pressing it to his ball and slowly licking it upward. She repeated the motion again, but on the other nut, moaning softly as she lapped her tongue right across that salty flesh. Back and forth she went, slowly licking his heavy cum tanks all over. Moaning sweetly as she lavished every inch of his plump nuts with all due affection and increasing enthusiasm. It was perhaps growing increasingly obvious that this Human woman had never had a proper taste of virile bull-nut before. With his leathery sack soon coated in a generous layer of glistening saliva, she pressed her face right into his flesh and rubbed it back and forth, smearing her own spit and whatever sweat remained back onto her visage while her hands continued to pump and jerk on his engorged member. "Nngh.." she whimpered into his hefty nuts, giving his turgid shaft a light squeeze to test how hard he was. Suddenly her warm face was pulling back from his nut sack while her hands slowed until they were simply holding his immense meat pillar level with the floor. "It's so fucking big..." she cooed to herself, followed promptly by the feel of her tongue softly lapping at the bead of prenut that had accumulated on the tip of his erection. Her tongue licked again at his tip, ensuring that it was clean before she pursed her lips together and began planting adoring kisses all over his large, bulbous cock head.
[2024-01-02 04:52:08.767120] InCase of Horny: /me adjusted her grip on his hefty dick meat, letting the impressive weight of it rest within her dainty fingers while she moaned softly and smooched the large, swollen cock head. "Oh yeah..." she purred lustfully in response, making no effort to hide her excitement as she got intimate with that heavy length of engorged bull fuck meat. The air felt cool against her face, a reminder of the fresh drool that she had smeared back onto her skin from his leathery ball sack. "Mmmm..." she moaned long and low as her plush lips travelled all around his bulbous crown. At times peppering it with sweet, doting kisses. At other times, just brushing and caressing her glossed lips against the smooth glans. Her hot breath washed over his cock head as she pulled back to admire the rouged lipstick stains that decorated his crown, but she wasn't long in admiring it before she pursed her lips together and spat a heavy glob of warm saliva onto the swollen tip. She leaned back in, but with her face turned slightly to one side so that his spongy tip pressed into her soft cheek. Slowly moving her small hands, she used his fat beef pole to paint her own drool back onto her blushing face. Her head pulled back only to let another thick wad of spit land on his tip, repeating the process to mark her other cheek. Again and again she spit on his dick head only to smear it around on her face, wearing her own spit and whatever leaked from his dick like a mask that covered her face from her eyes to her jawline.
[2024-01-02 05:03:56.555404] InCase of Horny: /me simply couldn
[2024-01-02 05:12:24.216982] InCase of Horny: /me simply couldn't help herself. A powerful, innate desire to smear his scent back onto her face, to mark herself from this occasion, was overtaking her increasingly lust-drunk mind. That huge, beefy, wrist-thick phallus was stirring up a strong reaction in the needy Human woman, one that could only come from being in the presence of a truly powerful and virile breeding tool. A strong warmth blossomed between her thighs and spread throughout her body as she slowly rubbed his gooey, drool-drenched cock head all over her face now. Her forehead and eyebrows, previously untouched, were now equally thick and sticky with that messy mixture. Every inch of her face marred with gooey, semi-clear slime. Another messy spit sounded from her side of the booth as she cradled his huge cock meat in her soft little hands, but her drool was growing thicker now and instead of flying onto his dick it caught on her lower lip and oozed down onto her chin. "You should feel the mess between my thighs...." she purred in response while pressing her gooey chin against the very tip of his cock and slowly nuzzling it side to side. The next wad of spit streaked along the top of his engorged fuck meat, and when she pulled her chin back the gap between his cock head and her face was bridged by a gooey strands of drool that dangled there without breaking. "Mmmm..." she moaned sensually, bringing his bulbous cock head up into her left eye now. Smearing and rubbing that rounded tip into her closed eyelid before doing the same to the other eye socket. Gluing both eyes shut with so much thick, messy slime.
[2024-01-02 05:34:14.471444] InCase of Horny: /me could feel the heat building between her thighs, driving her crazy as she indulged herself with that immense slab of virile bull cock. "Oh fuck..." she whimpered heatedly as a strong surge of pleasure coursed through her sex that forced her to clamp her thighs together. The small pair of black silken panties that she wore as her own garment had been absorbing the nectar that was drooling liberally from her horny cunt, but they had become overly saturated with her out of control arousal. "It's so fucking good..." she cooed, spitting once more along the side of his turgid fuck meat. Copious amounts of drool had oozed down over his tool, making a mess of the delicate digits that kept his meat aloft, but it wasn't until she began to spread that slime with her face that his cock really became properly coated. Adjusting her grip as she went along, she slid her messy face all over the sides of his cock until every inch of his manhood from his swollen, fat tip to his dangling nuts were glazed. Another surge of heat ran through her pussy and she instantly latched her plush, slimy lips right around his bulbous crown at long last. In a single fluid motion she pushed her mouth down around his girth, ignoring the pain in her jaw as it stretched to take him. Drool built up thickly around her lips as they glided down over his meat and she didn't stop until his plump cock head was pressing firmly to the entrance of her snug throat-pussy. "Glrk, glrk, glrk...." she gagged lewdly as she tried to swallow him, working up even more throat slime onto his meat pole in the process of bobbing her head back and forth.
[2024-01-02 05:55:05.315391] InCase of Horny: /me worked her throat sphincter against his bulbous cock head with a desperation, practically ramming that tight seal against the tip of his meat spear. "Glrk! Glrk! Glrk!" she gagged loudly as she attempted to impale her throat-pussy down over his girth. With so much of his fat bull dick planted between her lips it was no longer necessary for her to hold onto it, so she planted her hands against the wall and put her weight against it. The tip of his hard cock lodged itself just inside of her gullet then stuck, and for a long moment it seemed as though she could go no further when suddenly the pressure broke with a loud and messy choking sound. Like a tight, slippery velvet sleeve her throat slid right over his engorged beef stick until her sloppy chin was buried in his wrinkled sack and her nose and forehead were thudding softly into the wall. Her fingers tensed and the heat between her thighs flared as she felt her windpipe expand around his meat before tightening around the invading mass like a snug fitting glove. Wet, nasty gagging sounds filtered around his meat and through the opening in the wall as she choked and retched around his massive fuck meat, sending gooey throat slime through the hole to ooze down over the wall on his side of the partition.
[2024-01-04 03:10:52.839837] InCase of Horny: !get_booths
[2024-01-05 22:05:09.524781] InCase of Horny: !get_booths
[2024-01-06 04:01:38.420511] InCase of Horny: !get_booths
[2024-01-06 04:02:01.532889] InCase of Horny: !enter_booth 2
[2024-01-06 04:05:50.164604] InCase of Horny: !set_description A smooth, circular hole is cut into the wall a few feet above the floor. The duct tape lining the hole gave it a slightly rustic look, but there was nothing simple about the rest of the brothel.
[2024-01-06 04:22:27.766852] InCase of Horny: !set_description A smooth, circular hole is cut into the wall a few feet above the floor. The duct tape lining the hole gave it a slightly rustic look, but there was nothing simple about the rest of the brothel. The dull sounds of people moaning and flesh clapping against flesh can still be heard from this remote nook, yet it still possessed its own tranquil spirit. Dividers are set up along the length of the wall to separate the various holes, giving the men some measure of privacy between one another. It's unknown if the people on the other side of the wall are equally separated.
[2024-01-06 04:44:39.710445] InCase of Horny: !leave_booth
[2024-01-06 21:18:09.922115] InCase of Horny: !get_booths
[2024-01-06 21:18:21.621080] InCase of Horny: !enter_booth 1
[2024-01-06 21:19:06.485779] InCase of Horny: !set_description A soft light emanates from within a round hole cut into the wall at waist height.
[2024-01-06 21:47:52.668726] InCase of Horny: !get_booths
[2024-01-06 22:02:10.567253] InCase of Horny: !get_booths
[2024-01-06 22:02:17.529226] InCase of Horny: !leave_booth 1
[2024-01-06 22:02:44.864827] InCase of Horny: !leave_booth
[2024-01-07 01:20:02.046672] InCase of Horny: !get_booths
[2024-01-07 01:20:38.254156] InCase of Horny: !enter_booth 1
[2024-01-07 01:22:31.414579] InCase of Horny: !set_description A simple unassuming hole cut into the dented metal dividing panel separating two bathroom stalls. Heavily lined with duct tape, it looks just big enough for a fat Human cock to slide through.
[2024-01-07 01:55:44.953421] InCase of Horny: !get_booths
[2024-01-07 02:45:53.129967] InCase of Horny: .
[2024-01-07 17:51:49.689352] InCase of Horny: !get_booths
[2024-01-07 18:10:29.006517] InCase of Horny: !enter_booth 1
[2024-01-07 18:10:35.322252] InCase of Horny: !set_description Upon entering the cozy, private booth you would immediately notice the large hole cut into the rather thin wall in front of you. On a short table along one of the side walls there sits a bottle of lube and a bowl of condoms. The area on the other side of the hole appears to be dimly lit, but upon close inspection the silhouette of a female form can be faintly seen sitting cross legged on the floor wearing little or no clothing and a healthy coat of rouge across her subtly smirking lips.
[2024-01-07 18:12:23.082884] InCase of Horny: !get_booths
[2024-01-07 19:20:17.269343] InCase of Horny: !get_booths
[2024-01-07 19:47:44.961481] InCase of Horny: !leave_booth
[2024-01-07 23:31:41.621369] InCase of Horny: !get_booths
[2024-01-07 23:39:26.096601] InCase of Horny: !enter_booth 2
[2024-01-07 23:39:32.301232] InCase of Horny: !set_description The end of a padded table jutted out of the wall at the bottom of a hole cut in the shape of the top half of a circle. Lewdly presented upon the table was the naked lower half of a pale, female abdomen that faced the ceiling with its legs held up into the air and at a V angle by cuffs attached to the ankles and bolted to the wall. The bare vulva looked puffy and red, oozing thick sperm that was also crusted all over the smooth and hairless mound. The pearly white spunk drool down over an equally used anus before reaching the heavily stained table padding before dripping into a puddle on the floor.
[2024-01-08 00:03:01.970262] InCase of Horny: !set_description The end of a padded table jutted out of the wall at the bottom of a hole cut in the shape of the top half of a circle. Lewdly presented upon the table was the naked lower half of a pale, female abdomen that faced the ceiling with its legs held up into the air and at a V angle by cuffs attached to the ankles and bolted to the wall. The bare vulva looked puffy and red, oozing thick sperm that was also crusted all over the smooth and hairless mound. The pearly white spunk drooled down over an equally used anus before reaching the heavily stained table padding before dripping into a puddle on the floor.
[2024-01-08 01:03:58.965691] InCase of Horny: [eicon]alys1[/eicon]
[2024-01-08 01:04:44.003355] InCase of Horny: !get_booths
[2024-01-08 01:46:10.522822] InCase of Horny: .
[2024-01-08 02:11:51.858992] InCase of Horny: !info
[2024-01-08 02:12:00.928931] InCase of Horny: !intro
[2024-01-08 02:53:55.099813] InCase of Horny: !get_booths
[2024-01-08 03:16:24.168919] InCase of Horny: !get_booths
[2024-01-08 03:41:24.374307] InCase of Horny: !leave_booth
[2024-01-10 14:45:28.400974] InCase of Horny: !get_booths
[2024-01-10 14:47:56.265752] InCase of Horny: !enter_booth 1
[2024-01-10 14:50:06.500537] InCase of Horny: !set_description A simple, unassuming hole with a simple, unassuming premise.
[2024-01-10 15:10:52.982039] InCase of Horny: !get_booths
[2024-01-10 15:35:03.168660] InCase of Horny: !get_booths
[2024-01-10 16:14:15.339090] InCase of Horny: !get_booths
[2024-01-10 16:25:29.919130] InCase of Horny: !leave_booth
[2024-01-11 15:05:52.474980] InCase of Horny: !get_booths
[2024-01-11 15:06:07.599560] InCase of Horny: !enter_booth 1
[2024-01-11 15:06:22.949648] InCase of Horny: !set_description A simple, unassuming hole with a simple and unassuming purpose
[2024-01-11 15:06:32.021306] InCase of Horny: !get_booths
[2024-01-11 16:01:08.764141] InCase of Horny: !get_booths
[2024-01-11 16:29:42.517646] InCase of Horny: !get_booths
[2024-01-11 17:01:06.948827] InCase of Horny: !get_booths
[2024-01-11 17:26:27.107555] InCase of Horny: !leave_booth
[2024-01-13 19:18:14.752506] InCase of Horny: !get_booths
[2024-01-13 20:10:55.388055] InCase of Horny: !enter_booth 1
[2024-01-13 20:11:23.315999] InCase of Horny: !set_description This booth looks occupied. If you stick a dick in there, it will probably get sucked.
[2024-01-13 20:19:29.194721] InCase of Horny: !get_booths
[2024-01-13 20:32:16.896601] InCase of Horny: !get_booths
[2024-01-13 20:58:05.067125] InCase of Horny: !get_booths
[2024-01-13 20:59:47.948649] InCase of Horny: !enter_booth 1
[2024-01-13 20:59:58.249354] InCase of Horny: !set_description This booth looks occupied. If you stick a dick in there, it will probably get sucked.
[2024-01-13 21:00:11.892939] InCase of Horny: !get_booths
[2024-01-13 21:10:48.377254] InCase of Horny: !get_booths
[2024-01-13 21:32:30.289979] InCase of Horny: !get_booths
[2024-01-13 21:53:44.188029] InCase of Horny: !get_booths
[2024-01-13 22:06:11.726003] InCase of Horny: !get_booths
[2024-01-13 22:06:22.338812] InCase of Horny: !leave_booth
[2024-01-13 23:50:29.305794] InCase of Horny: !get_booths
[2024-01-16 20:34:34.382552] InCase of Horny: !get_booths
