[2023-12-19 21:37:22.105871] Juliet Mcjagger: !enter_gloryhole
[2023-12-19 21:42:10.099663] Juliet Mcjagger: /me "I wonder who this could be." Gives a few soft pokes, even traces around the ring itself.
[2023-12-19 21:43:35.865427] Juliet Mcjagger: /me blah blah blah
[2023-12-19 21:44:12.733557] Juliet Mcjagger: /me "Wah!"
[2023-12-19 21:46:35.720522] Juliet Mcjagger: /me "Hello~ I am still here."
[2023-12-19 21:49:59.211555] Juliet Mcjagger: !leave_gloryhole
[2023-12-19 21:51:15.669100] Juliet Mcjagger: /me Darkside completed?
[2023-12-20 00:45:50.531568] Juliet Mcjagger: !enter_gloryhole
[2023-12-20 00:48:35.665691] Juliet Mcjagger: /me Gives a smooching motion with lips at the hole briefly. "No Dick, but certainly maybe next time."
[2023-12-20 00:55:41.493804] Juliet Mcjagger: /me "Ahhh~" Wants to be fed Pizza "Pretty please"
[2023-12-20 00:56:52.832203] Juliet Mcjagger: /me "What would be better than Pizza? Pasta?" a sort of laughter behind hard to know which.
[2023-12-20 00:59:06.369095] Juliet Mcjagger: /me "Sounds like a lucky sort you are."
[2023-12-20 01:01:11.429729] Juliet Mcjagger: /me "Oh seems a shadow has come. Who could this be~" giving a pondering sort of noise.
[2023-12-20 01:05:38.865886] Juliet Mcjagger: /me blinks to the offering presented. "Oh don't you worry. I will do all I can." hands creep up slowly to grasp at the base first. Left hand slowly moving downward to rub in a stroking motion at the balls.
  A jerking motion is felt soon as a pair of lips soon smooch and kiss along the cock head. A swirl of tongue surely follows.
[2023-12-20 01:13:17.832583] Juliet Mcjagger: /me "mmm~" a subtle suckling motion along the cock tip as those lips stretch over it to engulf ever more of that length before their sight. Tongue swirling faster now in a wrapping twirl at the speed of which it moves. A jerking action leading to a subtle twist light at the base. Drool dribbles over the cock head as they allow their affections spill over the offered cock.
[2023-12-20 01:24:47.306904] Juliet Mcjagger: /me could only smirk to such loving praise, but they wondered if they really could bust down a wall and come for them. The idea makes them shiver, voice of feminine persuasion makes them blush as a result, knowing this is a girl they pleasing makes them red like a tomato in the darkness of the stall. Firm thrusts are met with skill and acceptance, but a rookie recovery. A tight grasp around that cock as the throat flexes causing a gagging motion causing them to pull back with a wet pop. Their recovery is slow as they cough over the length.
[2023-12-20 01:32:31.319225] Juliet Mcjagger: /me licks along their lips. "Yes... Ma'am." spoken submissively as they promptly press their mouth to the hole. At that point the reveal is a humanoid mouth, quite Peitet looking at that. A mouth wide as it can. Nose nudge against the wall prepared for that mighty cock that surprised them not that long before.
"I-I'm ready Ma'am." signals their desire for that cock.
[2023-12-20 01:44:42.206544] Juliet Mcjagger: /me eyes slightly roll in allowing that cock to enter. A hand slaps against the wall as if keeping themselves to the base not wanting to pull away.
'fuck~' their thought so fully focused as those lips press and slurp on the cock like a straw, tongue flopping along the bottom in constant movement, throat muscles squeezing and contracting. It is obvious they want to serve the cock well. 
  Head slightly nod motion allowing that length to nudge and move within the squeezing depths of a tight wanting throat suddenly gushing up saliva over the pelvis.
[2023-12-20 01:57:12.460138] Juliet Mcjagger: /me forms a suction seal around the length encapsulating it in their soft lips amping the pressure around the girth. Eyes close tight, they wanted this. To serve this cock before them, so much service that the hands  move to grasp around the balls giving them a jerking tug. A pulse of that length seems so close and yet wanted more so much more.
'Cum... CUM~' they thought in their mind in the mist of half air to that mind while being roughly throat fucked.
[2023-12-20 02:11:59.136420] Juliet Mcjagger: /me "ahhh." when the length is withdrawn out from their mouth a display of creamy white cum slowly spill out over the tongue since the thick splooge is all that would come forth from such a rough oral rutting. Its a shame nothing can be seen, perhaps that belly is full from such a loving offering.
"Maybe. I will, I'm glad I pleased enough for you to want a real performance. Yet for now I shall remain here. I know who you are, but you will never know me." Gives a kissing motion allowing cum to drizzle over the lower lip.
