[2023-12-23 01:11:05.081685] Junkpacking Jinx: !help
[2023-12-23 01:11:11.903461] Junkpacking Jinx: !get_booths
[2023-12-23 01:12:26.274880] Junkpacking Jinx: !enter_booth 4
[2023-12-23 01:14:44.394131] Junkpacking Jinx: !set_description [b]It's a dingy, kinda dirty gloryhole in a bathroom stall, with the wall being marked with a [color=pink][b][i]big, pink X[/i][/b][/color] spraypainted on to it, along with other crude drawings. The sound of some grungy punk rock music can be heard, faded behind the exit-door. Someone is having fun during a party.[/b]
[2023-12-23 01:21:12.290715] Junkpacking Jinx: !set_description [b]It's a dingy, kinda dirty gloryhole in a bathroom stall, with the wall being marked with a [color=pink][b][i]big, pink X[/i][/b][/color] spraypainted on to it, along with other crude drawings. The sound of some grungy punk rock music can be heard, faded behind the exit-door of the bathroom. Someone is making their own kinky fun during a concert or party going on outside.[/b]
[2023-12-23 01:32:53.671744] Junkpacking Jinx: !get_gloryholes
[2023-12-23 01:33:00.417164] Junkpacking Jinx: !get_booths
[2023-12-23 01:33:33.256366] Junkpacking Jinx: !help
[2023-12-23 01:33:37.932574] Junkpacking Jinx: !set_customer 3
[2023-12-23 01:33:50.131278] Junkpacking Jinx: !set_customer 3
[2023-12-23 01:33:57.319505] Junkpacking Jinx: !set_customers 3
[2023-12-23 01:44:45.549131] Junkpacking Jinx: !help
[2023-12-23 04:35:31.444423] Junkpacking Jinx: /me Although it's hard to hear with the rather loud, distracting music being played outside, there's still a noticable giggle heard from the other side of the stall. "Well weeeeell. Someone lookin' to get lucky?" a feminine voice pipes up, followed by a eccentric chuckle. "Watcha want big guy? Or gal? Dunno, hard to tell-" Either way, a warm, soft and relatively small hand grasps that flaccid meat, warming it in the palm of their hand, giving it a few curious strokes. 
[2023-12-23 04:45:43.037998] Junkpacking Jinx: /me snickers, and keeps on tugging it a little bit more to try and get Violet hard. "Heh. I mean. I'm prooobably not what you're expecting either~" the young stranger teases, before giving their new client a little lick over the hooded tip.
"Alright! Well, I'm just gonna do my own thing... But if you have any suggestions, maaaybe I'll listen to 'em, for a generous tip~" the stranger coo's in a coy, sing-songy tone, draggin their tongue along the flaccid shaft once more after speaking.
[2023-12-23 04:58:33.274811] Junkpacking Jinx: /me "Heheheh. All mine, huh? Lucky meeee." the voice taunts playfully, before giving a big, loud "mwah!" to it, wathcing how it throbs. "Y'know, seeing you poke through is getting me all excited, too~!" There's a few seconds of nothing happening, before suddenly, something warm, cylindrical and fleshy slaps against he top of Violets dick... Another dick. A bit smaller, and not quite fully erect yet, but the stranger keeps it over the top of Violets' shaft for a few moments, letting them swordfight and frot a little bit, followed by an eccentric giggle. "Mmmfh... Nice gun ya got there. Big barrel~" They gigglesnort, before they pull their dick away, and seemingly drop back down to a squat - as that hard cock belonging to Violet soon is kissed by a pair of juicy lips, which then spread to engulf the foreskin-covered head and lightly suckle on it.
[2023-12-23 05:13:36.345264] Junkpacking Jinx: /me can be heard laughing a little when asked if they're wet. "Yeah, dude. Sooooo wet." they reply in a sarcastic, joking tone. You can almost hear the grin on the stranger when Violet realises her mistake. "Tadah! Hahaha!"

But, back to that blowjob that they're starting. Slurping on the foreskin-hooded tip, the stranger pokes their tongue out, trying to dip the tip of their tongue into the gap between the foreskin and Violets glans, rolling it around in circles over the head. "Mmmmh.. Yeah? Maybe you do. Or we could touch tips until we both cross fire~" the stranger suggests, snickering before those chatty lips embrace Violets shaft once more, bobbing up and down while suckling quite hungrily on it, almost impatiently so.
[2023-12-23 05:16:14.022244] Junkpacking Jinx: /me Sorry, y'all! But unfortunately, I need to go. You were a treat, Violet, hope I catch you in the gloryholes again some time~
[2023-12-23 05:16:27.820663] Junkpacking Jinx: !help
[2023-12-23 05:16:39.036370] Junkpacking Jinx: !set_description 
[2023-12-23 05:16:46.559608] Junkpacking Jinx: !leave_booth
