[2023-12-20 19:35:30.534533] Kemonomimi GM: exit_gloryhole
[2023-12-20 19:35:34.961525] Kemonomimi GM: !exit_gloryhole
[2024-01-04 17:20:01.033149] Kemonomimi GM: !enter_booth 2
[2024-01-04 17:20:08.262265] Kemonomimi GM: !set_description Double trouble!
[2024-01-04 18:10:13.546279] Kemonomimi GM: [eicon]ragefish[/eicon]
[2024-01-04 19:20:18.936388] Kemonomimi GM: !leave_booth
[2024-01-08 16:23:12.779669] Kemonomimi GM: !get_booths
[2024-01-11 17:30:31.232062] Kemonomimi GM: !join_gloryhole 1
[2024-01-11 17:30:41.134574] Kemonomimi GM: !enter_gloryhole 1
[2024-01-11 17:30:48.944904] Kemonomimi GM: ):&lt;
[2024-01-11 17:30:50.992864] Kemonomimi GM: !intro
[2024-01-11 17:30:55.904449] Kemonomimi GM: !enter_booth 1
[2024-01-11 17:31:02.469482] Kemonomimi GM: !set_description Double trouble!
[2024-01-11 17:31:12.046995] Kemonomimi GM: wh
[2024-01-11 17:31:16.217965] Kemonomimi GM: !get_booths
[2024-01-11 17:31:30.411516] Kemonomimi GM: !enter_booth 2
[2024-01-11 17:31:37.687894] Kemonomimi GM: !set_description Double trouble!
[2024-01-11 18:21:45.072793] Kemonomimi GM: ):&lt;

[2024-01-11 19:11:54.419688] Kemonomimi GM: !leave_booth
[2024-01-11 20:56:04.401411] Kemonomimi GM: !get_booths
[2024-01-11 21:54:27.768982] Kemonomimi GM: !join_booth 1
[2024-01-11 21:54:37.594221] Kemonomimi GM: !enter_booth 1
[2024-01-11 21:54:47.664120] Kemonomimi GM: !set_description Double trouble!
[2024-01-11 21:55:08.972711] Kemonomimi GM: !set_description Double trouble! [sub](Humanoid cocks only)[/sub]
[2024-01-13 16:13:42.156286] Kemonomimi GM: !get_booths
