[2023-12-19 03:22:55.674965] Moo: !enter_gloryhole
[2023-12-19 03:25:50.547800] Moo: !enter_gloryhole
[2023-12-19 03:27:34.275324] Moo: !enter_gloryhole
[2023-12-19 03:29:06.101658] Moo: !exit_gloryhole
[2023-12-19 03:31:29.266266] Moo: !enter_gloryhole
[2023-12-19 03:31:33.044132] Moo: !exit_gloryhole
[2023-12-19 03:33:42.011244] Moo: !enter_gloryhole
[2023-12-19 03:34:42.842115] Moo: !enter_gloryhole
[2023-12-19 03:34:45.871192] Moo: !exit_gloryhole
[2023-12-19 03:37:01.526151] Moo: !enter_gloryhole
[2023-12-19 03:37:04.827571] Moo: !exit_gloryhole
[2023-12-19 03:38:31.498796] Moo: !enter_gloryhole
[2023-12-19 03:38:34.597500] Moo: !exit_gloryhole
[2023-12-19 04:11:37.570884] Moo: !enter_gloryhole
[2023-12-19 04:13:08.080716] Moo: !enter_gloryhole
[2023-12-19 04:20:54.734417] Moo: !enter_gloryhole
[2023-12-19 04:24:40.110021] Moo: !enter_gloryhole
[2023-12-19 04:40:37.946322] Moo: !enter_gloryhole
[2023-12-19 04:42:00.674537] Moo: !enter_gloryhole
[2023-12-19 04:43:45.890568] Moo: !enter_gloryhole
[2023-12-19 04:46:44.742605] Moo: !enter_gloryhole
[2023-12-19 04:47:13.210613] Moo: /me I'm doing other things
[2023-12-19 04:47:27.083012] Moo: !exit_gloryhole
[2023-12-19 04:49:28.034561] Moo: !enter_gloryhole
[2023-12-19 04:49:34.828513] Moo: !enter_gloryhole
[2023-12-19 04:49:46.100658] Moo: !enter_gloryhole
[2023-12-19 04:50:26.768888] Moo: !enter_gloryhole
[2023-12-19 04:51:15.208055] Moo: testing back
[2023-12-19 04:51:16.458921] Moo: blah
[2023-12-19 04:51:39.095762] Moo: !exit_gloryhole
[2023-12-19 04:53:16.987894] Moo: !enter_gloryhole
[2023-12-19 04:53:33.357362] Moo: !exit_gloryhole
[2023-12-19 05:04:16.464166] Moo: !enter_gloryhole 
[2023-12-19 05:04:18.893589] Moo: !exit_gloryhole
[2023-12-19 05:12:07.304307] Moo: !enter_gloryhole
[2023-12-19 05:12:13.136810] Moo: You cannot see who this is, ever.
[2023-12-19 05:13:28.551786] Moo: !enter_gloryhole
[2023-12-19 05:13:41.339054] Moo: An example, Softie, is that you can't see who this is!
[2023-12-19 05:14:42.451908] Moo: !exit_gloryhole
[2023-12-19 05:14:46.489172] Moo: !exit_gloryhole
[2023-12-19 05:16:42.835814] Moo: !enter_gloryhole
[2023-12-19 05:17:13.398296] Moo: !exit_gloryhole
[2023-12-19 05:34:40.456323] Moo: !enter_gloryhole
[2023-12-19 05:57:46.768389] Moo: !enter_gloryhole
[2023-12-19 05:57:48.375046] Moo: testing
[2023-12-19 05:57:52.977205] Moo: /me testing
[2023-12-19 05:58:16.549992] Moo: !exit_gloryhole
[2023-12-19 06:02:20.603523] Moo: !help
[2023-12-19 06:08:14.866905] Moo: !enter_gloryhole
[2023-12-19 06:08:26.336784] Moo: /me double test
[2023-12-19 06:08:32.700931] Moo: !exit_gloryhole
[2023-12-19 21:20:36.976926] Moo: !enter_gloryhole
[2023-12-19 21:20:39.403378] Moo: !exit_gloryhole
[2023-12-19 23:48:32.603612] Moo: !help
[2024-01-01 22:38:36.060400] Moo: !get_booths
[2024-01-02 01:20:47.384009] Moo: !get_booths
[2024-01-02 01:31:56.549874] Moo: !get_booths
[2024-01-06 06:08:11.027826] Moo: !get_booths
[2024-01-07 14:38:02.937514] Moo: !get_booths
[2024-01-07 18:11:52.009855] Moo: !get_booths
[2024-01-08 03:52:24.292392] Moo: !get_booths
[2024-01-08 04:16:41.345663] Moo: !help
[2024-01-08 04:31:42.781426] Moo: !get_booths
[2024-01-08 04:47:42.257436] Moo: !get_booths
[2024-01-08 04:51:09.546330] Moo: !get_booths
[2024-01-08 04:51:11.071064] Moo: !get_booths
[2024-01-10 03:05:25.115454] Moo: !archived_leaderboard
[2024-01-10 03:05:58.307681] Moo: !archived_leaderboards
[2024-01-10 03:08:58.448981] Moo: !archived_leaderboards
[2024-01-15 08:48:07.583160] Moo: !get_booths
[2024-01-16 02:32:24.833870] Moo: !get_booths
[2024-01-20 06:57:45.230645] Moo: !get_booths
