[2023-12-22 18:17:12.981934] Piltover Punk Rock: !help
[2023-12-22 18:17:22.146321] Piltover Punk Rock: !get_booths
[2023-12-22 18:18:14.709091] Piltover Punk Rock: !get_gloryholes
[2023-12-22 18:18:21.308219] Piltover Punk Rock: !get_booths
[2023-12-22 18:19:31.669674] Piltover Punk Rock: !enter_booth#3
[2023-12-22 18:19:38.216984] Piltover Punk Rock: !enter_booth 3
[2023-12-22 18:20:45.930198] Piltover Punk Rock: !set_description [color=pink][b][i]Ever been blown by a so-called lesbian?[/i][/b][/color]
[2023-12-22 18:21:01.709121] Piltover Punk Rock: Test
[2023-12-22 18:22:30.022920] Piltover Punk Rock: !intro
[2023-12-22 18:23:59.491398] Piltover Punk Rock: !set_customers 2
[2023-12-22 18:25:19.281342] Piltover Punk Rock: !get_booths
[2023-12-22 18:28:17.038749] Piltover Punk Rock: /me can be heard whistling a tune from within their booth.
[2023-12-22 18:30:12.609064] Piltover Punk Rock: !feedback [eicon]tener sexo[/eicon]
[2023-12-22 18:31:31.683189] Piltover Punk Rock: !set_description [color=pink][b][i]Ever been blown by a so-called lesbian? 5 gold coins and you'll get to try.[/i][/b][/color]
[2023-12-22 18:33:40.005922] Piltover Punk Rock: /me can be heard whistling from the inside of the booth. The voice is most likely female, but a little deeper than average. [color=pink]"Oh? Someone there? Sheesh, about time. Ya got 5 gold?"[/color]
[2023-12-22 18:37:22.442002] Piltover Punk Rock: !set_description [color=pink][b][i]Ever been blown by a so-called lesbian? 5 gold coins for a handjob, 10 for blowjobs.[/i][/b][/color]
[2023-12-22 18:45:32.065723] Piltover Punk Rock: /me sounds quite surprised on the opposite side of the booth as that big, meaty bee-schlong pokes through the hole for her to admire. [color=pink]"What the shit... What is this thing? Jeez."[/color] There's a moment of silence, but Ambrosia can feel warm air being breathed upon their shaft. Eventually, the voice sighs. [color=pink]"What, you think I'm gonna run with your dick-goo to the market? Fuck outta here, or get me some coins. [sub]Man, I can't believe she roped me into this..."[/sub][/color] The stranger sighs, and merely wipes off some of that honey-spunk from the tip of the dick curiously, bringing it to her lips. [sub][color=pink]"Damn, tastes like real honey too. What the hell."[/color][/sub]
[2023-12-22 18:51:33.918266] Piltover Punk Rock: /me groans a little on the other side, sounding visibly annoyed. [color=pink]"Dude, I am not gonna sell shit. I already have a tough-enough job as is. The last thing I need is to peddle some sketchy-ass honey to people in the street. So, cough up the coin, you cheap fuck."[/color] The stranger is a little annoyed, but at least she can lean down and open her mouth, catching some of the leakage on to her tongue. Tasty.
[2023-12-22 18:56:04.802119] Piltover Punk Rock: !set_description [color=pink][b][i]Ever been blown by a so-called lesbian? 5 gold coins for a handjob, 10 for blowjobs. And two customer-slots open~[/i][/b][/color]
[2023-12-22 19:00:34.363488] Piltover Punk Rock: /me counts it... [color=pink]"That was four... But you know what? Fine. Just because you kinda taste and smell good, I guess. [sub]Sheesh, some people..."[/sub][/color] Regardless, the bee finally gets what she is after - as a warm, soft hand wraps itself around the stiff, hard bee-dick, and gives it a few idle tugs. Lube is clearly needed, so the stranger spits down on that meaty shaft, and keeps on rubbing it in her nimble fingers. [color=pink]"So uh. You're actually a bee, huh? They warned me this place would have weird people."[/color] comments the stranger, letting out a little snort and giggle, before leaning in and giving the cockhead a big, wet kiss to polish off any remnant honey.
[2023-12-22 19:09:21.792936] Piltover Punk Rock: /me is muttering something about 'practice' to herself, though it's hard to hear with how quietly she's speaking. Either way, the stranger now gets to work. Lips sealing around the very tippy-tip of the cockhead, lightly suckin on it as she keeps working her hands along the slippery, wet shaft now. Nice and easy, just sorta warming them up, humming a bit as more of that sweet flavour drips on to her tongue. The stranger pulls off momentarily to speak. [color=pink]"Y'know, you're like, my first customer here... Anyway, uh. Try to chill out~"[/color]

Those lips - soft and quite full - engulf the sensitive glans (assuming the dickshape is human), and suckle on it softly. Her tongue works around it in a circular motion, and the stranger can be clearly heard humming and enjoying herself a little. Slowly, her lips push a little further down, then slide back up again, her tongue tracing all the grooves and bumps that peen might have.
[2023-12-22 19:19:05.378646] Piltover Punk Rock: /me snickers, and keeps on going. Their technique is a little clunky here and there, but she's trying her best, as they continue to push her face down on that cock, taking a few more inches down and hungrily slurping on it. Two hands cup around the base of the shaft to keep it warm and steady, idly massaging it with her thumbs. More of that sweet honey-precum leaks out of that dick for the stranger to slurp up, and Ambrosia can clearly hear the pleased noises from the stranger.
[color=pink]"Is this actually honey? Or like... Does this have sperm in it?"[/color] the mystery-blower asks inbetween breaths, before going back down to try and gulp down half of that long, thick pole into her hungry maw.
[2023-12-22 19:31:29.871509] Piltover Punk Rock: /me listens to all this, and you can almost hear how they're furrowing their brow as they respond to all that. [color=pink]"I'm sorry, I'm not sure to feel about all that... That's... Kinda weird... But whatever. At least it tastes good, I guess... Just uh. Promise me I'm not gonna grow like, wings or some shit from this, right?"[/color] The voice is half-joking, letting out a little chuckle as they proceed to give the cockhead a few wet kisses, before engulfing it back into their warm, plump lips, moaning as they pump the rest of the shaft with slow strokes of their two hands. That tongue goes in circles, looping around and around the glans, and the stranger starts to suck hard enough to make their cheeks go slightly hollow.
[color=pink]"Mmmmmmm... You know [b]-slurp, pop-[/b] I do a pretty dangerous day-job... I could certainly use that 'little kick of energy' you claim it gives... So... Gonna give me a healthy dose of that honey, Honey?~"[/color] The voice snickers a little, and her grip around that meaty, long pole tightens, tugging on it a bit faster now while her lips reattach to the dickhead to polish it clean.
[2023-12-22 19:49:16.928133] Piltover Punk Rock: /me [color=pink]"Yeah? Fuckin' give it to me~"[/color] hisses the mysterious stranger, latching their lips back on to the dickhead, eagerly sucking out the honey that's bubbling up in Ambrosias nutsack. Doesn't take long before the stranger gets their reward, though, and thick, sticky honey-like spunk floods the womans' mouth. [color=pink]"Mmmfh!"[/color] She keeps on sucking, pumping the shaft with both of her nimble, skilled hands as she's trying to milk the bee dry... And clearly underestimating how much they're producing. The hungry mouth is soon filled, and it takes a while before the stranger can properly swallow that thick, sticky resin-like fluid, so it ends up spilling out over those plush lips. 
[color=pink]"Holy shit! Mmmfh... Fuck, I... I made a mess. I did not expect to be covered in honey tonight, but... Shit. I hope there's no fucking ants around. I'm gonna need a bath after this... Phew..."[/color] The stranger flicks her tongue over the leaky urethra, before sealing her lips and sucking tight to get out any last drops that may be stuck in the shaft, before coming off with a wet [b]plop![/b]
[color=pink]"Mmmfh... Was it good for you too?"[/color] the voice asks, retreating now to try and clean up some of this sticky honey from her body.
[2023-12-22 19:55:30.437898] Piltover Punk Rock: !help
[2023-12-22 19:55:38.342687] Piltover Punk Rock: !leave_booth
[2023-12-22 19:56:57.734586] Piltover Punk Rock: !get_booths
[2023-12-23 01:01:29.783889] Piltover Punk Rock: !get_booths
