[2024-01-21 19:51:31.497888] ShaynaPhoenix: !intro
[2024-01-21 19:53:48.702985] ShaynaPhoenix: !join_gloryhole
[2024-01-21 19:56:03.909466] ShaynaPhoenix: [color=pink] [/color][color=green]!get_booths[/color]
[2024-01-21 19:56:45.181360] ShaynaPhoenix: !get_booths
[2024-01-21 19:57:56.092909] ShaynaPhoenix: !enter_booth 1
[2024-01-21 19:59:04.402990] ShaynaPhoenix: !set_description &lt;slut ran away from home&gt;
[2024-01-21 19:59:22.488320] ShaynaPhoenix: !set_customers 4
[2024-01-21 20:00:41.057560] ShaynaPhoenix: !help
[2024-01-21 20:02:35.458608] ShaynaPhoenix: /me sticks her tiny fingers thru the hole
[2024-01-21 20:11:29.650286] ShaynaPhoenix: !join_gloryhole 1
[2024-01-21 21:01:43.795704] ShaynaPhoenix: Hi
[2024-01-21 21:01:52.150432] ShaynaPhoenix: I like cock
[2024-01-21 21:03:18.993992] ShaynaPhoenix: !help
[2024-01-21 21:03:35.474823] ShaynaPhoenix: !enter_booth
[2024-01-21 21:53:49.397864] ShaynaPhoenix: Hiii
[2024-01-21 21:56:29.048035] ShaynaPhoenix: !get_booths
[2024-01-21 21:57:06.346188] ShaynaPhoenix: !intro
[2024-01-21 21:58:18.009533] ShaynaPhoenix: !get_gloryholes
[2024-01-21 22:01:02.066647] ShaynaPhoenix: /me hi
[2024-01-21 22:01:17.651099] ShaynaPhoenix: !get_booths
[2024-01-21 22:01:43.540894] ShaynaPhoenix: !join_booth 2
[2024-01-21 22:02:20.870103] ShaynaPhoenix: !get_gloryholes
[2024-01-21 23:02:45.588553] ShaynaPhoenix: !get_gloryholes
