[2023-12-30 23:25:33.122659] Sister Vialde: !intro
[2023-12-30 23:30:05.722713] Sister Vialde: !get_booths
[2023-12-30 23:36:02.635041] Sister Vialde: !enter_booth 2 !set_description A lively and warmly lit tavern with a set of rooms set aside out back for more….intimate anonymous pleasures that can’t be provided by a mug of ale.
[2023-12-30 23:36:15.541904] Sister Vialde: !enter_booth 2
[2023-12-30 23:36:34.103570] Sister Vialde: !set_description A lively and warmly lit tavern with a set of rooms set aside out back for more….intimate anonymous pleasures that can’t be provided by a mug of ale.
[2023-12-30 23:42:00.522000] Sister Vialde: /me shifts and gets comfy in their seat, before speaking up in a clearly nervous voice. “H-hello there hehe……I am ready for you whenever you are…..” their voice is soft, gentle and tinged with flustered excitement.
[2023-12-30 23:49:15.510721] Sister Vialde: /me took a deep breath, steeling her nerves before seeing his flaccid member slide into her booth. She leans in, soft tender hands gently caressing and groping at his length as plump warm lips place kiss after kiss against his tip, before he felt a warm velvety soft tongue running along his length and those plump lips taking him into her mouth, soft pants could be heard through the wall as she gently suck and slobber on him.
[2023-12-30 23:49:45.511077] Sister Vialde: !set_customers 2
[2023-12-30 23:54:54.948516] Sister Vialde: /me’s tongue presses Into and rubs against his manhood as their head shifts and moves about as if making sure to get every little bit with her tongue, the man able to feel her warm breath as she softly pants through her nose, feeling him twitch and slowly grow as she helped stoke his excitement. “M-mhmm……”
[2023-12-31 00:02:36.109575] Sister Vialde: /me felt him push that little bit deeper, heard the wall softly groan as it took his weight, the woman’s tongue slipping out of her mouth and instead flickering and licking at his balls now that they were pressed so close to the slot, soft supple lips wrapped around his growing manhood and gently suckling on it as she felt it grow more and more by the moment with her doing her best to nod in response to his question. “M-mhm….ysh……”
[2023-12-31 00:13:06.556751] Sister Vialde: /me suckled and licked at his balls, feeling his hot now leaky cock rubbing against her face and spilling his precum onto her forehead, with the woman pulling off with a wet pop before he felt her tongue rubbing along his length and those soft plump lips wrapping around his manhood once more, taking the entire thing into her divinely warm mouth and bobbing back and forth along with length, feeling it hit against the entrance to her throat. “M-mhmm-[b]gCk[/b]-hHhmmmm……..”
[2023-12-31 00:27:04.817457] Sister Vialde: /me felt him getting closer and closer as she serviced and slobbered all over his excited manhood, soft plump lips wrapped around his length and leaving faint black rings as she took more and more into her mouth as he started to thrust against her loving and waiting lips, her tongue pressed up into and against the underside of his cock to tease and coax him to his climax that little bit faster before finally she heard him moan out, felt him shoot rope after rope of warm sticky cum into her mouth with the woman feeling her mouth fill up to the point of overflow, cum dribbling past her lips and down her chin….She gradually stopped bobbing her head back and forth, aiming to milk out every last drop as he tongue gently teased and prodded at him until she got to his tip and pulled off with a wet pop, waiting at the slot for him to see his handiwork before she did her best to swallow it all.
[2023-12-31 00:35:55.731388] Sister Vialde: /me lets out lewd audible swallowing sounds as she did her best to take it all without spilling too much, with him feeling her breath heavily through her nose as he left his cock hilted in her warm snug mouth, her tongue gently rubbing and teasing the underside of her shaft.
[2023-12-31 00:42:18.170828] Sister Vialde: /me felt his excitement slowly die down and with that she pulled back with a wet pop and a breathless gasp, loudly swallowing one last time before speaking up. “I-I am okay hehe….th-thank you for asking…….that was quite a lot hehehe…..”
[2023-12-31 00:49:26.016945] Sister Vialde: /me couldn’t help but softly giggle. “I-it is a little hard to speak when you mouth is…otherwise occupied…..” her voice catches as he asked if they could meet up. “I-oh! Erm……I-I am not…..is that not…..t-the point of this is anonymity……..”
[2023-12-31 00:54:13.226252] Sister Vialde: /me sheepishly giggled, the sound of her rubbing the back of her head fills the silence for a moment. “………I-I am not sure…….I can give you a maybe, but…..we shall see……” He felt a kiss being placed on his tip that sent this brief tinge of near divine power through him. “I-I hope you had fun hehe….~”
[2023-12-31 01:00:07.921364] Sister Vialde: /me giggled at the praise. “I-I am glad to hear it, I-I hope you enjoy your day hehe….” There is a silence like something else was going to be said but nothing followed after that.
[2023-12-31 01:50:28.076206] Sister Vialde: hello!
[2023-12-31 02:29:49.517734] Sister Vialde: !leave_booth
[2024-01-04 00:28:50.682532] Sister Vialde: [color=pink]test[/color]
[2024-01-06 00:17:02.597150] Sister Vialde: !get_booths
[2024-01-06 00:17:17.568935] Sister Vialde: !enter_booth 2
[2024-01-06 00:17:30.619975] Sister Vialde: !set_customers 4
[2024-01-06 00:19:13.457795] Sister Vialde: !set_description a set of stalls line up in the back of a roadside tavern, warmly lit and surprisingly cosy inside with handholds and several slots in the walls.
[2024-01-06 00:23:29.985996] Sister Vialde: !set_customers 2
[2024-01-06 00:31:37.722614] Sister Vialde: !leave_booth
[2024-01-06 15:07:02.777619] Sister Vialde: !get_booths
[2024-01-06 15:14:53.802539] Sister Vialde: !enter_booth 1
[2024-01-06 15:15:05.090188] Sister Vialde: !set_customers 2
[2024-01-06 15:15:20.400962] Sister Vialde: !set_description A lively and warmly lit tavern with a set of rooms set aside out back for more….intimate anonymous pleasures that can’t be provided by a mug of ale, one of these booths has a sun and a pair of wings carved around each of the slots present in the walls of the stall.
[2024-01-06 15:40:59.119556] Sister Vialde: !enter_booth 1
[2024-01-06 15:41:06.448711] Sister Vialde: !set_description A lively and warmly lit tavern with a set of rooms set aside out back for more….intimate anonymous pleasures that can’t be provided by a mug of ale, one of these booths has a sun and a pair of wings carved around each of the slots present in the walls of the stall.
[2024-01-06 15:41:20.002201] Sister Vialde: !set_customers 2
[2024-01-06 16:18:38.763670] Sister Vialde: /me shifts and slides open one of the slots, soft nervous breathing can heard as a pair of soft looking lips stick through the hole and their tongue hangs out, inviting them to stick something in.
[2024-01-06 16:28:32.054114] Sister Vialde: /me kneels there, listening to the shifting and moving of fabric on the other side of the wall with nervous excitement, spit dripping from their waiting tongue and onto the smooth floor of the booth. The woman softly gasps as she felt him press his tip into her waiting tongue, the bitter taste making her flinch a little like biting into a lemon before she felt the soft barb brush her lips. “H-hhh……..hahh…..” she pulls back for a moment, disappearing behind the booth before leaning back in to place kisses and teasing lashes of her tongue against their leaky crown.
[2024-01-06 16:39:29.491015] Sister Vialde: /me felt that bitter pre dribble out onto her lips and her probing tongue, flinching back a little as she swallows all that had collected on her tongue. “S-so bitter hehe..….like sour candy…” despite this he could feel those plump lips press into his tip once more, now more actively licking and lapping up the seemingly steady stream of feline precum, lips wrapping around the tip to more easily tease and coax the bitter juices out of him.
[2024-01-06 16:54:22.061315] Sister Vialde: /me was pushed back by the sudden push, the light from the booth disappearing and it’s in place was the surprisingly big throbbing cock of her customer, the woman letting out an audible gasp of surprise as she slowly reached up and wrapped her arms around it, groping, caressing, rubbing and teasing his length as she kissed and lapped up his pre, before wrapping her soft lips around his tip and started to slowly bob her head along his crown, teasing him and licking him clean as her hands, surprisingly skilled despite her supposed nerves, work his manhood.
[2024-01-06 17:07:38.673188] Sister Vialde: /me sucked and lapped up his steadily growing flow of precum, the sound of her swallowing barely audible through the booths wall. She glanced up at the tap taps, the woman doing her best to nod before she loudly inhaled and started to push herself further and further down onto his cock, those soft lips going further down his length then being dragged back before she took more with each progressive push until he felt is tip hit the back of her mouth and heard her softly gag as it tickled the entrance to her throat, the woman now using the entirety of her warm snug mouth to suck and service his foot long cock as best she could, her tongue pressing into and rubbing against the underside of his manhood while her hands groped and caressed his hefty balls and the base of their cock.
[2024-01-06 17:15:56.239194] Sister Vialde: /me [sub]oh my bad I thought it was both dick and balls through the slot[/sub]
[2024-01-06 17:19:51.092491] Sister Vialde: /me softly gags with each thrust of his hips as his tip pressed and teased the entrance of her snug almost inviting throat, the woman softly grunting and panting into his manhood as she went back and forth taking all that she could of him into her wet warm mouth over and over again, before finally he felt her press that tip to the back of her mouth, the woman gagging as he could tell she was trying to take it into her throat! “H-hhhgCk…..hnnnNghh…….g-Glck……!~” Lewd wet gagging sounds filter through the wall as he felt them press and push against her own throat before with a loud ‘hGCK!~’ he felt his cock being hugged tight by the woman’s clenching throat!
[2024-01-06 17:30:54.549427] Sister Vialde: /me gags and pants into his crotch as she went about throating his stiff barbed cock, the woman forced to shift her position and press her plump ass into the empty slot behind her just to more easily accommodate his throbbing steadily leaking cock, the woman lewdly swallowing it as best she could between notions, her throat bulging out around the sheer size of his!
[2024-01-06 17:45:23.851878] Sister Vialde: /me pushed herself deep onto his cock, the woman slowly about to pull back as he started to thrust and desperately try rut her face, the woman loudly gagging and coughing against his cock as he thrust away into her tight messy throat, feeling bit clench and hug his length as he went at her like a man possessed, the lewd wet sounds of ‘glckglckglck’ joining his huffs and moans until she felt his feline dick swell and unload deep into her guts, filling her stomach and quickly flooding her throat, the woman gagging as she couldn’t help but spit it back up all over his furred crotch and her already messy face!
[2024-01-06 17:56:14.833666] Sister Vialde: /me felt her lungs burn as he hilted himself so fully into her throat, the sheer amount of cum almost keeping her glued to his cock as he kept bucking his hips and filling her well past the point of overflow as the woman on the side of the booth gagged and coughed, cum shooting out of her nose as he kept pumping her full before finally stopping as darkness starts to take hold of her, her eyes starting to droop and feel heavy with the only thing stopping her from fully slipping into unconsciousness being the feeling of him slowly pulling out of her throat. “H-hGck….gLckkk…….n-nnnnnnhghhh……..”
[2024-01-06 18:04:22.031015] Sister Vialde: /me[sub]just so I’m a hundred percent clear on this , did he pull out or is he waiting for her to pull back the rest of the way? [/sub]
[2024-01-06 18:05:57.435087] Sister Vialde: /me [sub]thats wierd, maybe because there isn’t a gap between the ME command and the sun when I sent it Elph?[/sub]
[2024-01-06 18:08:05.592252] Sister Vialde: gagged and moaned as he slowly but surely pulled out until her muffled sounds get briefly drowned out by a lewd wet [b]Pop![/b] as his cock finally left her throat, with the woman now gasping for air and coughing up a thick mix of spit and cum all over herself and the booth, the woman gargling out. “H-h….[b]coughcough[/b]….hahh……s-so much……..”
[2024-01-06 18:11:53.647152] Sister Vialde: /me gagged and moaned as he slowly but surely pulled out until her muffled sounds get briefly drowned out by a lewd wet [b]Pop![/b] as his cock finally left her throat, with the woman now gasping for air and coughing up a thick mix of spit and cum all over herself and the booth, the woman gargling out. “H-h….[b]coughcough[/b]….hahh……s-so much……..”
[2024-01-06 18:13:31.498416] Sister Vialde: /me [sub]I am fine to keep going but if you want to call it then that’s a good place to do it hehe[/sub]
[2024-01-06 18:17:01.519049] Sister Vialde: /me slides a small folded card through the slightly messy slot with a shaky hand as the woman coughed and did her best to swallow the mess he had made of her.
[2024-01-06 18:25:44.470620] Sister Vialde: !set_description A lively and warmly lit tavern with a set of rooms set aside out back for more….intimate anonymous pleasures that can’t be provided by a mug of ale, one of these booths has a sun and a pair of wings carved around each of the slots present in the walls of the stall as well as crude drawing of a mouth, a pair of hefty looking tits and a plump looking ass on the walls themselves as well as claw marks and cum dripping from one of the slots.
[2024-01-06 20:28:41.786973] Sister Vialde: !leave_booth
[2024-01-08 23:30:53.785699] Sister Vialde: !get_booths
[2024-01-10 17:12:15.836386] Sister Vialde: !get_booths
[2024-01-10 17:12:41.335700] Sister Vialde: !enter_booth 1
[2024-01-10 17:13:39.216616] Sister Vialde: !set_description A lively and warmly lit tavern with a set of rooms set aside out back for more….intimate anonymous pleasures that can’t be provided by a mug of ale, one of these booths has a sun and a pair of wings carved around each of the slots present in the walls of the stall as well as crude drawing of a mouth, a pair of hefty looking tits and a plump looking ass on the walls themselves as well as faint scratch marks as well as other signs of previous seemingly satisfied customers.
[2024-01-10 17:13:48.853876] Sister Vialde: !set_customers 2
[2024-01-10 18:30:58.557538] Sister Vialde: !close_booth
[2024-01-10 18:31:14.568776] Sister Vialde: !leave_booth
[2024-01-17 08:05:58.582626] Sister Vialde: !enter_booth 1
[2024-01-17 08:06:17.191474] Sister Vialde: !set_customers 4
[2024-01-17 08:15:09.582158] Sister Vialde: !set_description In a large warmly lit room, in the back of an incredibly busy tavern, there are several booths the clientele can use to engage in more…intimate pleasures that you can’t quite find with a warm plate of food or a cup of something alcoholic. Each booth seems to have several padded holes with hand holes nearby should any of the potential customers need a bit more force behind their thrusts. Other than that the booth is beautifully untouched, ready for any and all who would come and use whoever was inside and make their marks.
[2024-01-17 08:35:25.833004] Sister Vialde: !get_booths
[2024-01-17 08:35:57.061199] Sister Vialde: !enter_booth 1
[2024-01-17 08:36:07.066991] Sister Vialde: !set_customers 4
[2024-01-17 08:36:26.744252] Sister Vialde: !set_description In a large warmly lit room, in the back of an incredibly busy tavern, there are several booths the clientele can use to engage in more…intimate pleasures that you can’t quite find with a warm plate of food or a cup of something alcoholic. Each booth seems to have several padded holes with hand holes nearby should any of the potential customers need a bit more force behind their thrusts. Other than that the booth is beautifully untouched, ready for any and all who would come and use whoever was inside and make their marks.
[2024-01-17 08:46:05.515278] Sister Vialde: !leave_booth
