[2023-12-19 05:49:43.490247] SoftieDevil: /me moo milk 
[2023-12-19 05:50:41.726564] SoftieDevil: moo milk

[2023-12-19 05:52:21.464350] SoftieDevil: /me moo has very thick milk 
[2023-12-19 05:54:19.494455] SoftieDevil: /me moo has thick yummy milk 
[2023-12-19 05:55:03.572624] SoftieDevil: /me moo has very yummy thick milk 
[2023-12-19 05:56:19.880323] SoftieDevil: !exit_gloryhole 
[2023-12-19 06:01:48.296542] SoftieDevil: !help

[2023-12-19 06:02:23.303698] SoftieDevil: !help 
[2023-12-19 06:02:34.033192] SoftieDevil: !leaderboards 
[2023-12-19 06:03:15.504129] SoftieDevil: !leaderboard 
[2023-12-19 06:03:38.257173] SoftieDevil: !tokens 
[2023-12-19 06:03:44.009099] SoftieDevil: !help 
[2023-12-19 06:03:53.921754] SoftieDevil: !echo 
[2023-12-19 06:04:03.076386] SoftieDevil: !echo boo boo bies 
[2023-12-19 06:04:46.131536] SoftieDevil: !list_gloryholes 
[2023-12-19 06:06:52.123341] SoftieDevil: !fuck_gloryhole 
[2023-12-19 06:11:41.787927] SoftieDevil: !fuck_gloryhole CSSFG 
[2023-12-19 06:11:56.506307] SoftieDevil: !fuck_gloryhole CSSFG 
[2023-12-19 06:19:18.284376] SoftieDevil: /me [eicon]marisuccubus[/eicon] 
[2023-12-19 06:28:36.104331] SoftieDevil: /me cummies 
[2023-12-19 06:29:18.743452] SoftieDevil: !exit_gloryhole 
[2023-12-19 06:29:25.431553] SoftieDevil: /me moans n cums 
[2023-12-19 06:31:21.490223] SoftieDevil: /me Ahhnn--! Moo you're so [b][b][b]thick-![/b][/b][/b]
[2023-12-19 06:31:54.911792] SoftieDevil: !exit_gloryhole 
[2023-12-19 06:32:08.252690] SoftieDevil: /me harder moo--! Harder! 
[2023-12-19 06:33:29.424949] SoftieDevil: /me moo daddy 
[2023-12-19 06:34:36.819204] SoftieDevil: /me talk dirty to me 
[2023-12-19 06:35:03.379387] SoftieDevil: /me BOOP 
