[2023-12-19 06:01:49.987966] Vylviel: !enter_gloryhole
[2023-12-19 06:02:57.607680] Vylviel: /me peeks through the hole, [color=purple]"Hello?"[/color]
[2023-12-19 06:08:04.726806] Vylviel: !exit_gloryhole
[2023-12-19 06:09:54.876555] Vylviel: !enter_gloryhole
[2023-12-19 06:10:17.389369] Vylviel: /me peeks through the hole, [color=purple]"Hello?"[/color]
[2023-12-19 06:16:10.426696] Vylviel: !enter_gloryhole
[2023-12-19 06:16:18.497165] Vylviel: !enter_gloryhole
[2023-12-19 06:17:09.640110] Vylviel: /me  [sub]peeks through the hole, [color=purple]"Hello?"[/color][/sub]
[2023-12-19 06:18:48.140616] Vylviel: !enter_gloryhole
[2023-12-19 06:18:53.202852] Vylviel: /me [sub] peeks through the hole, [color=purple]"Hello?"[/color][/sub]
[2023-12-19 06:19:14.326732] Vylviel: /me [eicon]deepkisses[/eicon]
[2023-12-19 06:19:46.313175] Vylviel: /me [spoiler][eicon]deepkisses[/eicon][/spoiler]
[2023-12-19 06:20:54.073926] Vylviel: /me sticks a finger through the hole
[2023-12-19 06:25:08.620990] Vylviel: /me cum
[2023-12-19 06:27:08.627923] Vylviel: !exit_gloryhole
[2023-12-19 06:30:21.127684] Vylviel: !enter_gloryhole
[2023-12-19 06:31:24.385645] Vylviel: /me [color=purple]peeks[/color]
[2023-12-19 06:31:38.967864] Vylviel: !exit_gloryhole
[2023-12-19 06:31:46.357523] Vylviel: /me cums
[2023-12-19 06:34:50.237398] Vylviel: !exit_gloryhole
